{"C:\\Users\\EttLuuDji\\Downloads\\xsignature\\xsignature-backend\\src\\index.js": {"path":"C:\\Users\\EttLuuDji\\Downloads\\xsignature\\xsignature-backend\\src\\index.js","statementMap":{"0":{"start":{"line":1,"column":16},"end":{"line":1,"column":34}},"1":{"start":{"line":2,"column":13},"end":{"line":2,"column":28}},"2":{"start":{"line":3,"column":15},"end":{"line":3,"column":32}},"3":{"start":{"line":4,"column":13},"end":{"line":4,"column":28}},"4":{"start":{"line":5,"column":19},"end":{"line":5,"column":50}},"5":{"start":{"line":6,"column":19},"end":{"line":6,"column":50}},"6":{"start":{"line":7,"column":22},"end":{"line":7,"column":56}},"7":{"start":{"line":8,"column":22},"end":{"line":8,"column":56}},"8":{"start":{"line":9,"column":23},"end":{"line":9,"column":58}},"9":{"start":{"line":10,"column":22},"end":{"line":10,"column":56}},"10":{"start":{"line":11,"column":26},"end":{"line":11,"column":64}},"11":{"start":{"line":12,"column":24},"end":{"line":12,"column":60}},"12":{"start":{"line":13,"column":22},"end":{"line":13,"column":56}},"13":{"start":{"line":14,"column":31},"end":{"line":14,"column":75}},"14":{"start":{"line":15,"column":42},"end":{"line":15,"column":73}},"15":{"start":{"line":18,"column":0},"end":{"line":18,"column":16}},"16":{"start":{"line":20,"column":12},"end":{"line":20,"column":21}},"17":{"start":{"line":21,"column":13},"end":{"line":21,"column":37}},"18":{"start":{"line":24,"column":0},"end":{"line":24,"column":16}},"19":{"start":{"line":25,"column":0},"end":{"line":25,"column":24}},"20":{"start":{"line":26,"column":0},"end":{"line":26,"column":48}},"21":{"start":{"line":29,"column":0},"end":{"line":29,"column":72}},"22":{"start":{"line":32,"column":0},"end":{"line":32,"column":33}},"23":{"start":{"line":33,"column":0},"end":{"line":33,"column":34}},"24":{"start":{"line":34,"column":0},"end":{"line":34,"column":40}},"25":{"start":{"line":35,"column":0},"end":{"line":35,"column":40}},"26":{"start":{"line":36,"column":0},"end":{"line":36,"column":42}},"27":{"start":{"line":37,"column":0},"end":{"line":37,"column":39}},"28":{"start":{"line":38,"column":0},"end":{"line":38,"column":48}},"29":{"start":{"line":39,"column":0},"end":{"line":39,"column":43}},"30":{"start":{"line":40,"column":0},"end":{"line":40,"column":40}},"31":{"start":{"line":41,"column":0},"end":{"line":41,"column":49}},"32":{"start":{"line":44,"column":0},"end":{"line":46,"column":3}},"33":{"start":{"line":45,"column":2},"end":{"line":45,"column":52}},"34":{"start":{"line":49,"column":0},"end":{"line":49,"column":25}},"35":{"start":{"line":52,"column":0},"end":{"line":52,"column":22}},"36":{"start":{"line":55,"column":0},"end":{"line":57,"column":3}},"37":{"start":{"line":56,"column":2},"end":{"line":56,"column":51}},"38":{"start":{"line":60,"column":0},"end":{"line":60,"column":21}}},"fnMap":{"0":{"name":"(anonymous_0)","decl":{"start":{"line":44,"column":13},"end":{"line":44,"column":14}},"loc":{"start":{"line":44,"column":27},"end":{"line":46,"column":1}},"line":44},"1":{"name":"(anonymous_1)","decl":{"start":{"line":55,"column":17},"end":{"line":55,"column":18}},"loc":{"start":{"line":55,"column":23},"end":{"line":57,"column":1}},"line":55}},"branchMap":{"0":{"loc":{"start":{"line":21,"column":13},"end":{"line":21,"column":37}},"type":"binary-expr","locations":[{"start":{"line":21,"column":13},"end":{"line":21,"column":29}},{"start":{"line":21,"column":33},"end":{"line":21,"column":37}}],"line":21}},"s":{"0":5,"1":5,"2":5,"3":5,"4":5,"5":5,"6":5,"7":5,"8":5,"9":5,"10":5,"11":5,"12":5,"13":5,"14":5,"15":5,"16":5,"17":5,"18":5,"19":5,"20":5,"21":5,"22":5,"23":5,"24":5,"25":5,"26":5,"27":5,"28":5,"29":5,"30":5,"31":5,"32":5,"33":0,"34":5,"35":5,"36":5,"37":5,"38":5},"f":{"0":0,"1":5},"b":{"0":[5,5]},"inputSourceMap":null,"_coverageSchema":"1a1c01bbd47fc00a2c39e90264f33305004495a9","hash":"e7189ba482a43960b5d43af1dd2ad57f559274d3"}
,"C:\\Users\\EttLuuDji\\Downloads\\xsignature\\xsignature-backend\\src\\middleware\\auth.middleware.js": {"path":"C:\\Users\\EttLuuDji\\Downloads\\xsignature\\xsignature-backend\\src\\middleware\\auth.middleware.js","statementMap":{"0":{"start":{"line":1,"column":12},"end":{"line":1,"column":35}},"1":{"start":{"line":3,"column":20},"end":{"line":17,"column":1}},"2":{"start":{"line":4,"column":16},"end":{"line":4,"column":56}},"3":{"start":{"line":6,"column":2},"end":{"line":8,"column":3}},"4":{"start":{"line":7,"column":4},"end":{"line":7,"column":66}},"5":{"start":{"line":10,"column":2},"end":{"line":16,"column":3}},"6":{"start":{"line":11,"column":20},"end":{"line":11,"column":92}},"7":{"start":{"line":12,"column":4},"end":{"line":12,"column":23}},"8":{"start":{"line":13,"column":4},"end":{"line":13,"column":11}},"9":{"start":{"line":15,"column":4},"end":{"line":15,"column":73}},"10":{"start":{"line":19,"column":16},"end":{"line":25,"column":1}},"11":{"start":{"line":20,"column":2},"end":{"line":24,"column":3}},"12":{"start":{"line":21,"column":4},"end":{"line":21,"column":11}},"13":{"start":{"line":23,"column":4},"end":{"line":23,"column":74}},"14":{"start":{"line":27,"column":23},"end":{"line":33,"column":1}},"15":{"start":{"line":28,"column":2},"end":{"line":32,"column":3}},"16":{"start":{"line":29,"column":4},"end":{"line":29,"column":11}},"17":{"start":{"line":31,"column":4},"end":{"line":31,"column":83}},"18":{"start":{"line":35,"column":19},"end":{"line":41,"column":1}},"19":{"start":{"line":36,"column":2},"end":{"line":40,"column":3}},"20":{"start":{"line":37,"column":4},"end":{"line":37,"column":11}},"21":{"start":{"line":39,"column":4},"end":{"line":39,"column":77}},"22":{"start":{"line":43,"column":19},"end":{"line":49,"column":1}},"23":{"start":{"line":44,"column":2},"end":{"line":48,"column":3}},"24":{"start":{"line":45,"column":4},"end":{"line":45,"column":11}},"25":{"start":{"line":47,"column":4},"end":{"line":47,"column":77}},"26":{"start":{"line":51,"column":0},"end":{"line":57,"column":2}}},"fnMap":{"0":{"name":"(anonymous_0)","decl":{"start":{"line":3,"column":20},"end":{"line":3,"column":21}},"loc":{"start":{"line":3,"column":40},"end":{"line":17,"column":1}},"line":3},"1":{"name":"(anonymous_1)","decl":{"start":{"line":19,"column":16},"end":{"line":19,"column":17}},"loc":{"start":{"line":19,"column":36},"end":{"line":25,"column":1}},"line":19},"2":{"name":"(anonymous_2)","decl":{"start":{"line":27,"column":23},"end":{"line":27,"column":24}},"loc":{"start":{"line":27,"column":43},"end":{"line":33,"column":1}},"line":27},"3":{"name":"(anonymous_3)","decl":{"start":{"line":35,"column":19},"end":{"line":35,"column":20}},"loc":{"start":{"line":35,"column":39},"end":{"line":41,"column":1}},"line":35},"4":{"name":"(anonymous_4)","decl":{"start":{"line":43,"column":19},"end":{"line":43,"column":20}},"loc":{"start":{"line":43,"column":39},"end":{"line":49,"column":1}},"line":43}},"branchMap":{"0":{"loc":{"start":{"line":6,"column":2},"end":{"line":8,"column":3}},"type":"if","locations":[{"start":{"line":6,"column":2},"end":{"line":8,"column":3}},{"start":{},"end":{}}],"line":6},"1":{"loc":{"start":{"line":11,"column":38},"end":{"line":11,"column":91}},"type":"binary-expr","locations":[{"start":{"line":11,"column":38},"end":{"line":11,"column":60}},{"start":{"line":11,"column":64},"end":{"line":11,"column":91}}],"line":11},"2":{"loc":{"start":{"line":20,"column":2},"end":{"line":24,"column":3}},"type":"if","locations":[{"start":{"line":20,"column":2},"end":{"line":24,"column":3}},{"start":{"line":22,"column":9},"end":{"line":24,"column":3}}],"line":20},"3":{"loc":{"start":{"line":20,"column":6},"end":{"line":20,"column":43}},"type":"binary-expr","locations":[{"start":{"line":20,"column":6},"end":{"line":20,"column":14}},{"start":{"line":20,"column":18},"end":{"line":20,"column":43}}],"line":20},"4":{"loc":{"start":{"line":28,"column":2},"end":{"line":32,"column":3}},"type":"if","locations":[{"start":{"line":28,"column":2},"end":{"line":32,"column":3}},{"start":{"line":30,"column":9},"end":{"line":32,"column":3}}],"line":28},"5":{"loc":{"start":{"line":28,"column":6},"end":{"line":28,"column":74}},"type":"binary-expr","locations":[{"start":{"line":28,"column":6},"end":{"line":28,"column":14}},{"start":{"line":28,"column":19},"end":{"line":28,"column":44}},{"start":{"line":28,"column":48},"end":{"line":28,"column":73}}],"line":28},"6":{"loc":{"start":{"line":36,"column":2},"end":{"line":40,"column":3}},"type":"if","locations":[{"start":{"line":36,"column":2},"end":{"line":40,"column":3}},{"start":{"line":38,"column":9},"end":{"line":40,"column":3}}],"line":36},"7":{"loc":{"start":{"line":36,"column":6},"end":{"line":36,"column":46}},"type":"binary-expr","locations":[{"start":{"line":36,"column":6},"end":{"line":36,"column":14}},{"start":{"line":36,"column":18},"end":{"line":36,"column":46}}],"line":36},"8":{"loc":{"start":{"line":44,"column":2},"end":{"line":48,"column":3}},"type":"if","locations":[{"start":{"line":44,"column":2},"end":{"line":48,"column":3}},{"start":{"line":46,"column":9},"end":{"line":48,"column":3}}],"line":44},"9":{"loc":{"start":{"line":44,"column":6},"end":{"line":44,"column":46}},"type":"binary-expr","locations":[{"start":{"line":44,"column":6},"end":{"line":44,"column":14}},{"start":{"line":44,"column":18},"end":{"line":44,"column":46}}],"line":44}},"s":{"0":5,"1":5,"2":23,"3":23,"4":5,"5":18,"6":18,"7":17,"8":17,"9":1,"10":5,"11":0,"12":0,"13":0,"14":5,"15":8,"16":3,"17":5,"18":5,"19":2,"20":1,"21":1,"22":5,"23":3,"24":1,"25":2,"26":5},"f":{"0":23,"1":0,"2":8,"3":2,"4":3},"b":{"0":[5,18],"1":[18,18],"2":[0,0],"3":[0,0],"4":[3,5],"5":[8,8,7],"6":[1,1],"7":[2,2],"8":[1,2],"9":[3,3]},"inputSourceMap":null,"_coverageSchema":"1a1c01bbd47fc00a2c39e90264f33305004495a9","hash":"f61e21f0d361056ee73b32a79beaea69d0918fcb"}
,"C:\\Users\\EttLuuDji\\Downloads\\xsignature\\xsignature-backend\\src\\middleware\\upload.middleware.js": {"path":"C:\\Users\\EttLuuDji\\Downloads\\xsignature\\xsignature-backend\\src\\middleware\\upload.middleware.js","statementMap":{"0":{"start":{"line":1,"column":15},"end":{"line":1,"column":32}},"1":{"start":{"line":2,"column":13},"end":{"line":2,"column":28}},"2":{"start":{"line":3,"column":11},"end":{"line":3,"column":24}},"3":{"start":{"line":6,"column":18},"end":{"line":6,"column":55}},"4":{"start":{"line":7,"column":0},"end":{"line":9,"column":1}},"5":{"start":{"line":8,"column":2},"end":{"line":8,"column":47}},"6":{"start":{"line":12,"column":16},"end":{"line":21,"column":2}},"7":{"start":{"line":14,"column":4},"end":{"line":14,"column":24}},"8":{"start":{"line":17,"column":25},"end":{"line":17,"column":75}},"9":{"start":{"line":18,"column":16},"end":{"line":18,"column":47}},"10":{"start":{"line":19,"column":4},"end":{"line":19,"column":56}},"11":{"start":{"line":24,"column":19},"end":{"line":34,"column":1}},"12":{"start":{"line":25,"column":23},"end":{"line":25,"column":46}},"13":{"start":{"line":26,"column":18},"end":{"line":26,"column":82}},"14":{"start":{"line":27,"column":19},"end":{"line":27,"column":51}},"15":{"start":{"line":29,"column":2},"end":{"line":33,"column":3}},"16":{"start":{"line":30,"column":4},"end":{"line":30,"column":26}},"17":{"start":{"line":32,"column":4},"end":{"line":32,"column":51}},"18":{"start":{"line":37,"column":15},"end":{"line":41,"column":2}},"19":{"start":{"line":43,"column":0},"end":{"line":43,"column":24}}},"fnMap":{"0":{"name":"(anonymous_0)","decl":{"start":{"line":13,"column":15},"end":{"line":13,"column":16}},"loc":{"start":{"line":13,"column":34},"end":{"line":15,"column":3}},"line":13},"1":{"name":"(anonymous_1)","decl":{"start":{"line":16,"column":12},"end":{"line":16,"column":13}},"loc":{"start":{"line":16,"column":31},"end":{"line":20,"column":3}},"line":16},"2":{"name":"(anonymous_2)","decl":{"start":{"line":24,"column":19},"end":{"line":24,"column":20}},"loc":{"start":{"line":24,"column":38},"end":{"line":34,"column":1}},"line":24}},"branchMap":{"0":{"loc":{"start":{"line":7,"column":0},"end":{"line":9,"column":1}},"type":"if","locations":[{"start":{"line":7,"column":0},"end":{"line":9,"column":1}},{"start":{},"end":{}}],"line":7},"1":{"loc":{"start":{"line":29,"column":2},"end":{"line":33,"column":3}},"type":"if","locations":[{"start":{"line":29,"column":2},"end":{"line":33,"column":3}},{"start":{"line":31,"column":9},"end":{"line":33,"column":3}}],"line":29},"2":{"loc":{"start":{"line":29,"column":6},"end":{"line":29,"column":25}},"type":"binary-expr","locations":[{"start":{"line":29,"column":6},"end":{"line":29,"column":13}},{"start":{"line":29,"column":17},"end":{"line":29,"column":25}}],"line":29}},"s":{"0":5,"1":5,"2":5,"3":5,"4":5,"5":0,"6":5,"7":0,"8":0,"9":0,"10":0,"11":5,"12":0,"13":0,"14":0,"15":0,"16":0,"17":0,"18":5,"19":5},"f":{"0":0,"1":0,"2":0},"b":{"0":[0,5],"1":[0,0],"2":[0,0]},"inputSourceMap":null,"_coverageSchema":"1a1c01bbd47fc00a2c39e90264f33305004495a9","hash":"4c741e9425c84354933ebe256efde08f469d26b2"}
,"C:\\Users\\EttLuuDji\\Downloads\\xsignature\\xsignature-backend\\src\\middleware\\validation.middleware.js": {"path":"C:\\Users\\EttLuuDji\\Downloads\\xsignature\\xsignature-backend\\src\\middleware\\validation.middleware.js","statementMap":{"0":{"start":{"line":1,"column":49},"end":{"line":1,"column":77}},"1":{"start":{"line":4,"column":31},"end":{"line":17,"column":1}},"2":{"start":{"line":5,"column":17},"end":{"line":5,"column":38}},"3":{"start":{"line":6,"column":2},"end":{"line":15,"column":3}},"4":{"start":{"line":7,"column":4},"end":{"line":14,"column":7}},"5":{"start":{"line":10,"column":41},"end":{"line":13,"column":7}},"6":{"start":{"line":16,"column":2},"end":{"line":16,"column":9}},"7":{"start":{"line":20,"column":22},"end":{"line":29,"column":1}},"8":{"start":{"line":31,"column":25},"end":{"line":51,"column":1}},"9":{"start":{"line":54,"column":27},"end":{"line":78,"column":1}},"10":{"start":{"line":80,"column":27},"end":{"line":102,"column":1}},"11":{"start":{"line":105,"column":30},"end":{"line":124,"column":1}},"12":{"start":{"line":127,"column":30},"end":{"line":143,"column":1}},"13":{"start":{"line":145,"column":30},"end":{"line":149,"column":1}},"14":{"start":{"line":152,"column":31},"end":{"line":156,"column":1}},"15":{"start":{"line":159,"column":26},"end":{"line":175,"column":1}},"16":{"start":{"line":178,"column":30},"end":{"line":202,"column":1}},"17":{"start":{"line":205,"column":34},"end":{"line":217,"column":1}},"18":{"start":{"line":220,"column":28},"end":{"line":228,"column":1}},"19":{"start":{"line":230,"column":29},"end":{"line":240,"column":1}},"20":{"start":{"line":243,"column":24},"end":{"line":248,"column":1}},"21":{"start":{"line":250,"column":31},"end":{"line":255,"column":1}},"22":{"start":{"line":257,"column":0},"end":{"line":273,"column":2}}},"fnMap":{"0":{"name":"(anonymous_0)","decl":{"start":{"line":4,"column":31},"end":{"line":4,"column":32}},"loc":{"start":{"line":4,"column":51},"end":{"line":17,"column":1}},"line":4},"1":{"name":"(anonymous_1)","decl":{"start":{"line":10,"column":33},"end":{"line":10,"column":34}},"loc":{"start":{"line":10,"column":41},"end":{"line":13,"column":7}},"line":10}},"branchMap":{"0":{"loc":{"start":{"line":6,"column":2},"end":{"line":15,"column":3}},"type":"if","locations":[{"start":{"line":6,"column":2},"end":{"line":15,"column":3}},{"start":{},"end":{}}],"line":6}},"s":{"0":0,"1":0,"2":0,"3":0,"4":0,"5":0,"6":0,"7":0,"8":0,"9":0,"10":0,"11":0,"12":0,"13":0,"14":0,"15":0,"16":0,"17":0,"18":0,"19":0,"20":0,"21":0,"22":0},"f":{"0":0,"1":0},"b":{"0":[0,0]},"inputSourceMap":null}
,"C:\\Users\\EttLuuDji\\Downloads\\xsignature\\xsignature-backend\\src\\routes\\auth.routes.js": {"path":"C:\\Users\\EttLuuDji\\Downloads\\xsignature\\xsignature-backend\\src\\routes\\auth.routes.js","statementMap":{"0":{"start":{"line":1,"column":16},"end":{"line":1,"column":34}},"1":{"start":{"line":2,"column":15},"end":{"line":2,"column":31}},"2":{"start":{"line":3,"column":15},"end":{"line":3,"column":32}},"3":{"start":{"line":4,"column":12},"end":{"line":4,"column":35}},"4":{"start":{"line":5,"column":11},"end":{"line":5,"column":34}},"5":{"start":{"line":6,"column":24},"end":{"line":6,"column":64}},"6":{"start":{"line":9,"column":0},"end":{"line":93,"column":3}},"7":{"start":{"line":10,"column":30},"end":{"line":10,"column":38}},"8":{"start":{"line":12,"column":2},"end":{"line":92,"column":3}},"9":{"start":{"line":14,"column":23},"end":{"line":17,"column":5}},"10":{"start":{"line":19,"column":4},"end":{"line":21,"column":5}},"11":{"start":{"line":20,"column":6},"end":{"line":20,"column":76}},"12":{"start":{"line":23,"column":17},"end":{"line":23,"column":35}},"13":{"start":{"line":26,"column":28},"end":{"line":26,"column":78}},"14":{"start":{"line":28,"column":4},"end":{"line":30,"column":5}},"15":{"start":{"line":29,"column":6},"end":{"line":29,"column":76}},"16":{"start":{"line":33,"column":4},"end":{"line":35,"column":5}},"17":{"start":{"line":34,"column":6},"end":{"line":34,"column":103}},"18":{"start":{"line":38,"column":25},"end":{"line":38,"column":27}},"19":{"start":{"line":40,"column":4},"end":{"line":56,"column":5}},"20":{"start":{"line":41,"column":29},"end":{"line":44,"column":7}},"21":{"start":{"line":45,"column":6},"end":{"line":47,"column":7}},"22":{"start":{"line":46,"column":8},"end":{"line":46,"column":63}},"23":{"start":{"line":48,"column":11},"end":{"line":56,"column":5}},"24":{"start":{"line":49,"column":29},"end":{"line":52,"column":7}},"25":{"start":{"line":53,"column":6},"end":{"line":55,"column":7}},"26":{"start":{"line":54,"column":8},"end":{"line":54,"column":63}},"27":{"start":{"line":59,"column":4},"end":{"line":62,"column":6}},"28":{"start":{"line":65,"column":18},"end":{"line":75,"column":5}},"29":{"start":{"line":77,"column":4},"end":{"line":88,"column":7}},"30":{"start":{"line":90,"column":4},"end":{"line":90,"column":41}},"31":{"start":{"line":91,"column":4},"end":{"line":91,"column":67}},"32":{"start":{"line":96,"column":0},"end":{"line":173,"column":3}},"33":{"start":{"line":97,"column":52},"end":{"line":97,"column":60}},"34":{"start":{"line":99,"column":2},"end":{"line":172,"column":3}},"35":{"start":{"line":101,"column":23},"end":{"line":104,"column":5}},"36":{"start":{"line":106,"column":4},"end":{"line":108,"column":5}},"37":{"start":{"line":107,"column":6},"end":{"line":107,"column":71}},"38":{"start":{"line":111,"column":21},"end":{"line":116,"column":22}},"39":{"start":{"line":113,"column":19},"end":{"line":113,"column":26}},"40":{"start":{"line":119,"column":17},"end":{"line":119,"column":41}},"41":{"start":{"line":120,"column":25},"end":{"line":120,"column":58}},"42":{"start":{"line":123,"column":4},"end":{"line":123,"column":28}},"43":{"start":{"line":126,"column":23},"end":{"line":129,"column":5}},"44":{"start":{"line":131,"column":19},"end":{"line":131,"column":40}},"45":{"start":{"line":134,"column":27},"end":{"line":137,"column":5}},"46":{"start":{"line":140,"column":4},"end":{"line":140,"column":29}},"47":{"start":{"line":143,"column":18},"end":{"line":153,"column":5}},"48":{"start":{"line":155,"column":4},"end":{"line":166,"column":7}},"49":{"start":{"line":169,"column":4},"end":{"line":169,"column":31}},"50":{"start":{"line":170,"column":4},"end":{"line":170,"column":48}},"51":{"start":{"line":171,"column":4},"end":{"line":171,"column":74}},"52":{"start":{"line":176,"column":0},"end":{"line":226,"column":3}},"53":{"start":{"line":177,"column":2},"end":{"line":225,"column":3}},"54":{"start":{"line":179,"column":23},"end":{"line":182,"column":5}},"55":{"start":{"line":184,"column":4},"end":{"line":186,"column":5}},"56":{"start":{"line":185,"column":6},"end":{"line":185,"column":65}},"57":{"start":{"line":188,"column":17},"end":{"line":188,"column":35}},"58":{"start":{"line":191,"column":4},"end":{"line":193,"column":5}},"59":{"start":{"line":192,"column":6},"end":{"line":192,"column":72}},"60":{"start":{"line":196,"column":25},"end":{"line":196,"column":27}},"61":{"start":{"line":198,"column":4},"end":{"line":214,"column":5}},"62":{"start":{"line":199,"column":29},"end":{"line":202,"column":7}},"63":{"start":{"line":203,"column":6},"end":{"line":205,"column":7}},"64":{"start":{"line":204,"column":8},"end":{"line":204,"column":63}},"65":{"start":{"line":206,"column":11},"end":{"line":214,"column":5}},"66":{"start":{"line":207,"column":29},"end":{"line":210,"column":7}},"67":{"start":{"line":211,"column":6},"end":{"line":213,"column":7}},"68":{"start":{"line":212,"column":8},"end":{"line":212,"column":63}},"69":{"start":{"line":216,"column":4},"end":{"line":221,"column":7}},"70":{"start":{"line":223,"column":4},"end":{"line":223,"column":54}},"71":{"start":{"line":224,"column":4},"end":{"line":224,"column":80}},"72":{"start":{"line":228,"column":0},"end":{"line":228,"column":24}}},"fnMap":{"0":{"name":"(anonymous_0)","decl":{"start":{"line":9,"column":22},"end":{"line":9,"column":23}},"loc":{"start":{"line":9,"column":42},"end":{"line":93,"column":1}},"line":9},"1":{"name":"(anonymous_1)","decl":{"start":{"line":96,"column":25},"end":{"line":96,"column":26}},"loc":{"start":{"line":96,"column":45},"end":{"line":173,"column":1}},"line":96},"2":{"name":"(anonymous_2)","decl":{"start":{"line":113,"column":11},"end":{"line":113,"column":12}},"loc":{"start":{"line":113,"column":19},"end":{"line":113,"column":26}},"line":113},"3":{"name":"(anonymous_3)","decl":{"start":{"line":176,"column":41},"end":{"line":176,"column":42}},"loc":{"start":{"line":176,"column":61},"end":{"line":226,"column":1}},"line":176}},"branchMap":{"0":{"loc":{"start":{"line":19,"column":4},"end":{"line":21,"column":5}},"type":"if","locations":[{"start":{"line":19,"column":4},"end":{"line":21,"column":5}},{"start":{},"end":{}}],"line":19},"1":{"loc":{"start":{"line":28,"column":4},"end":{"line":30,"column":5}},"type":"if","locations":[{"start":{"line":28,"column":4},"end":{"line":30,"column":5}},{"start":{},"end":{}}],"line":28},"2":{"loc":{"start":{"line":33,"column":4},"end":{"line":35,"column":5}},"type":"if","locations":[{"start":{"line":33,"column":4},"end":{"line":35,"column":5}},{"start":{},"end":{}}],"line":33},"3":{"loc":{"start":{"line":40,"column":4},"end":{"line":56,"column":5}},"type":"if","locations":[{"start":{"line":40,"column":4},"end":{"line":56,"column":5}},{"start":{"line":48,"column":11},"end":{"line":56,"column":5}}],"line":40},"4":{"loc":{"start":{"line":45,"column":6},"end":{"line":47,"column":7}},"type":"if","locations":[{"start":{"line":45,"column":6},"end":{"line":47,"column":7}},{"start":{},"end":{}}],"line":45},"5":{"loc":{"start":{"line":48,"column":11},"end":{"line":56,"column":5}},"type":"if","locations":[{"start":{"line":48,"column":11},"end":{"line":56,"column":5}},{"start":{},"end":{}}],"line":48},"6":{"loc":{"start":{"line":53,"column":6},"end":{"line":55,"column":7}},"type":"if","locations":[{"start":{"line":53,"column":6},"end":{"line":55,"column":7}},{"start":{},"end":{}}],"line":53},"7":{"loc":{"start":{"line":73,"column":6},"end":{"line":73,"column":59}},"type":"binary-expr","locations":[{"start":{"line":73,"column":6},"end":{"line":73,"column":28}},{"start":{"line":73,"column":32},"end":{"line":73,"column":59}}],"line":73},"8":{"loc":{"start":{"line":74,"column":19},"end":{"line":74,"column":54}},"type":"binary-expr","locations":[{"start":{"line":74,"column":19},"end":{"line":74,"column":45}},{"start":{"line":74,"column":49},"end":{"line":74,"column":54}}],"line":74},"9":{"loc":{"start":{"line":106,"column":4},"end":{"line":108,"column":5}},"type":"if","locations":[{"start":{"line":106,"column":4},"end":{"line":108,"column":5}},{"start":{},"end":{}}],"line":106},"10":{"loc":{"start":{"line":151,"column":6},"end":{"line":151,"column":59}},"type":"binary-expr","locations":[{"start":{"line":151,"column":6},"end":{"line":151,"column":28}},{"start":{"line":151,"column":32},"end":{"line":151,"column":59}}],"line":151},"11":{"loc":{"start":{"line":152,"column":19},"end":{"line":152,"column":54}},"type":"binary-expr","locations":[{"start":{"line":152,"column":19},"end":{"line":152,"column":45}},{"start":{"line":152,"column":49},"end":{"line":152,"column":54}}],"line":152},"12":{"loc":{"start":{"line":184,"column":4},"end":{"line":186,"column":5}},"type":"if","locations":[{"start":{"line":184,"column":4},"end":{"line":186,"column":5}},{"start":{},"end":{}}],"line":184},"13":{"loc":{"start":{"line":191,"column":4},"end":{"line":193,"column":5}},"type":"if","locations":[{"start":{"line":191,"column":4},"end":{"line":193,"column":5}},{"start":{},"end":{}}],"line":191},"14":{"loc":{"start":{"line":198,"column":4},"end":{"line":214,"column":5}},"type":"if","locations":[{"start":{"line":198,"column":4},"end":{"line":214,"column":5}},{"start":{"line":206,"column":11},"end":{"line":214,"column":5}}],"line":198},"15":{"loc":{"start":{"line":203,"column":6},"end":{"line":205,"column":7}},"type":"if","locations":[{"start":{"line":203,"column":6},"end":{"line":205,"column":7}},{"start":{},"end":{}}],"line":203},"16":{"loc":{"start":{"line":206,"column":11},"end":{"line":214,"column":5}},"type":"if","locations":[{"start":{"line":206,"column":11},"end":{"line":214,"column":5}},{"start":{},"end":{}}],"line":206},"17":{"loc":{"start":{"line":211,"column":6},"end":{"line":213,"column":7}},"type":"if","locations":[{"start":{"line":211,"column":6},"end":{"line":213,"column":7}},{"start":{},"end":{}}],"line":211}},"s":{"0":5,"1":5,"2":5,"3":5,"4":5,"5":5,"6":5,"7":4,"8":4,"9":4,"10":4,"11":3,"12":1,"13":1,"14":1,"15":1,"16":0,"17":0,"18":0,"19":0,"20":0,"21":0,"22":0,"23":0,"24":0,"25":0,"26":0,"27":0,"28":0,"29":0,"30":0,"31":0,"32":5,"33":3,"34":3,"35":3,"36":3,"37":3,"38":0,"39":0,"40":0,"41":0,"42":0,"43":0,"44":0,"45":0,"46":0,"47":0,"48":0,"49":0,"50":0,"51":0,"52":5,"53":1,"54":1,"55":1,"56":0,"57":1,"58":1,"59":0,"60":1,"61":1,"62":0,"63":0,"64":0,"65":1,"66":0,"67":0,"68":0,"69":1,"70":0,"71":0,"72":5},"f":{"0":4,"1":3,"2":0,"3":1},"b":{"0":[3,1],"1":[1,0],"2":[0,0],"3":[0,0],"4":[0,0],"5":[0,0],"6":[0,0],"7":[0,0],"8":[0,0],"9":[3,0],"10":[0,0],"11":[0,0],"12":[0,1],"13":[0,1],"14":[0,1],"15":[0,0],"16":[0,1],"17":[0,0]},"inputSourceMap":null,"_coverageSchema":"1a1c01bbd47fc00a2c39e90264f33305004495a9","hash":"2e63a3e42028e5ec27bff161aa009db78f0ec422"}
,"C:\\Users\\EttLuuDji\\Downloads\\xsignature\\xsignature-backend\\src\\routes\\booking.routes.js": {"path":"C:\\Users\\EttLuuDji\\Downloads\\xsignature\\xsignature-backend\\src\\routes\\booking.routes.js","statementMap":{"0":{"start":{"line":1,"column":16},"end":{"line":1,"column":34}},"1":{"start":{"line":2,"column":15},"end":{"line":2,"column":31}},"2":{"start":{"line":3,"column":11},"end":{"line":3,"column":34}},"3":{"start":{"line":4,"column":73},"end":{"line":4,"column":113}},"4":{"start":{"line":7,"column":0},"end":{"line":60,"column":3}},"5":{"start":{"line":8,"column":40},"end":{"line":8,"column":49}},"6":{"start":{"line":10,"column":2},"end":{"line":59,"column":3}},"7":{"start":{"line":11,"column":16},"end":{"line":27,"column":5}},"8":{"start":{"line":29,"column":24},"end":{"line":29,"column":26}},"9":{"start":{"line":30,"column":21},"end":{"line":30,"column":23}},"10":{"start":{"line":33,"column":4},"end":{"line":36,"column":5}},"11":{"start":{"line":34,"column":6},"end":{"line":34,"column":31}},"12":{"start":{"line":35,"column":6},"end":{"line":35,"column":59}},"13":{"start":{"line":38,"column":4},"end":{"line":41,"column":5}},"14":{"start":{"line":39,"column":6},"end":{"line":39,"column":29}},"15":{"start":{"line":40,"column":6},"end":{"line":40,"column":57}},"16":{"start":{"line":43,"column":4},"end":{"line":46,"column":5}},"17":{"start":{"line":44,"column":6},"end":{"line":44,"column":36}},"18":{"start":{"line":45,"column":6},"end":{"line":45,"column":64}},"19":{"start":{"line":48,"column":4},"end":{"line":50,"column":5}},"20":{"start":{"line":49,"column":6},"end":{"line":49,"column":52}},"21":{"start":{"line":52,"column":4},"end":{"line":52,"column":50}},"22":{"start":{"line":54,"column":19},"end":{"line":54,"column":53}},"23":{"start":{"line":55,"column":4},"end":{"line":55,"column":26}},"24":{"start":{"line":57,"column":4},"end":{"line":57,"column":53}},"25":{"start":{"line":58,"column":4},"end":{"line":58,"column":78}},"26":{"start":{"line":63,"column":0},"end":{"line":133,"column":3}},"27":{"start":{"line":64,"column":17},"end":{"line":64,"column":27}},"28":{"start":{"line":66,"column":2},"end":{"line":132,"column":3}},"29":{"start":{"line":67,"column":26},"end":{"line":88,"column":5}},"30":{"start":{"line":90,"column":4},"end":{"line":92,"column":5}},"31":{"start":{"line":91,"column":6},"end":{"line":91,"column":68}},"32":{"start":{"line":94,"column":20},"end":{"line":94,"column":41}},"33":{"start":{"line":97,"column":27},"end":{"line":97,"column":81}},"34":{"start":{"line":98,"column":31},"end":{"line":98,"column":107}},"35":{"start":{"line":99,"column":30},"end":{"line":99,"column":106}},"36":{"start":{"line":101,"column":4},"end":{"line":103,"column":5}},"37":{"start":{"line":102,"column":6},"end":{"line":102,"column":86}},"38":{"start":{"line":106,"column":4},"end":{"line":119,"column":5}},"39":{"start":{"line":107,"column":26},"end":{"line":110,"column":7}},"40":{"start":{"line":111,"column":6},"end":{"line":111,"column":39}},"41":{"start":{"line":114,"column":26},"end":{"line":117,"column":7}},"42":{"start":{"line":118,"column":6},"end":{"line":118,"column":45}},"43":{"start":{"line":122,"column":27},"end":{"line":125,"column":5}},"44":{"start":{"line":126,"column":4},"end":{"line":126,"column":43}},"45":{"start":{"line":128,"column":4},"end":{"line":128,"column":22}},"46":{"start":{"line":130,"column":4},"end":{"line":130,"column":52}},"47":{"start":{"line":131,"column":4},"end":{"line":131,"column":77}},"48":{"start":{"line":136,"column":0},"end":{"line":160,"column":3}},"49":{"start":{"line":137,"column":2},"end":{"line":159,"column":3}},"50":{"start":{"line":138,"column":19},"end":{"line":153,"column":5}},"51":{"start":{"line":155,"column":4},"end":{"line":155,"column":26}},"52":{"start":{"line":157,"column":4},"end":{"line":157,"column":62}},"53":{"start":{"line":158,"column":4},"end":{"line":158,"column":87}},"54":{"start":{"line":163,"column":0},"end":{"line":208,"column":3}},"55":{"start":{"line":164,"column":27},"end":{"line":164,"column":36}},"56":{"start":{"line":166,"column":2},"end":{"line":207,"column":3}},"57":{"start":{"line":167,"column":16},"end":{"line":185,"column":5}},"58":{"start":{"line":187,"column":24},"end":{"line":187,"column":46}},"59":{"start":{"line":190,"column":4},"end":{"line":193,"column":5}},"60":{"start":{"line":191,"column":6},"end":{"line":191,"column":29}},"61":{"start":{"line":192,"column":6},"end":{"line":192,"column":54}},"62":{"start":{"line":195,"column":4},"end":{"line":198,"column":5}},"63":{"start":{"line":196,"column":6},"end":{"line":196,"column":31}},"64":{"start":{"line":197,"column":6},"end":{"line":197,"column":56}},"65":{"start":{"line":200,"column":4},"end":{"line":200,"column":40}},"66":{"start":{"line":202,"column":19},"end":{"line":202,"column":53}},"67":{"start":{"line":203,"column":4},"end":{"line":203,"column":26}},"68":{"start":{"line":205,"column":4},"end":{"line":205,"column":59}},"69":{"start":{"line":206,"column":4},"end":{"line":206,"column":84}},"70":{"start":{"line":211,"column":0},"end":{"line":311,"column":3}},"71":{"start":{"line":218,"column":6},"end":{"line":218,"column":14}},"72":{"start":{"line":221,"column":2},"end":{"line":223,"column":3}},"73":{"start":{"line":222,"column":4},"end":{"line":222,"column":93}},"74":{"start":{"line":225,"column":2},"end":{"line":310,"column":3}},"75":{"start":{"line":227,"column":25},"end":{"line":230,"column":5}},"76":{"start":{"line":232,"column":4},"end":{"line":234,"column":5}},"77":{"start":{"line":233,"column":6},"end":{"line":233,"column":68}},"78":{"start":{"line":236,"column":4},"end":{"line":238,"column":5}},"79":{"start":{"line":237,"column":6},"end":{"line":237,"column":83}},"80":{"start":{"line":243,"column":4},"end":{"line":274,"column":5}},"81":{"start":{"line":244,"column":6},"end":{"line":244,"column":41}},"82":{"start":{"line":247,"column":27},"end":{"line":250,"column":7}},"83":{"start":{"line":252,"column":6},"end":{"line":254,"column":7}},"84":{"start":{"line":253,"column":8},"end":{"line":253,"column":93}},"85":{"start":{"line":255,"column":11},"end":{"line":274,"column":5}},"86":{"start":{"line":257,"column":6},"end":{"line":257,"column":41}},"87":{"start":{"line":259,"column":6},"end":{"line":261,"column":7}},"88":{"start":{"line":260,"column":8},"end":{"line":260,"column":109}},"89":{"start":{"line":264,"column":27},"end":{"line":267,"column":7}},"90":{"start":{"line":269,"column":6},"end":{"line":271,"column":7}},"91":{"start":{"line":270,"column":8},"end":{"line":270,"column":102}},"92":{"start":{"line":273,"column":6},"end":{"line":273,"column":84}},"93":{"start":{"line":277,"column":28},"end":{"line":277,"column":74}},"94":{"start":{"line":278,"column":23},"end":{"line":278,"column":66}},"95":{"start":{"line":281,"column":4},"end":{"line":281,"column":28}},"96":{"start":{"line":284,"column":26},"end":{"line":290,"column":5}},"97":{"start":{"line":293,"column":4},"end":{"line":296,"column":6}},"98":{"start":{"line":299,"column":4},"end":{"line":299,"column":29}},"99":{"start":{"line":301,"column":4},"end":{"line":304,"column":7}},"100":{"start":{"line":307,"column":4},"end":{"line":307,"column":31}},"101":{"start":{"line":308,"column":4},"end":{"line":308,"column":52}},"102":{"start":{"line":309,"column":4},"end":{"line":309,"column":77}},"103":{"start":{"line":314,"column":0},"end":{"line":352,"column":3}},"104":{"start":{"line":315,"column":17},"end":{"line":315,"column":27}},"105":{"start":{"line":316,"column":21},"end":{"line":316,"column":29}},"106":{"start":{"line":319,"column":24},"end":{"line":319,"column":89}},"107":{"start":{"line":320,"column":2},"end":{"line":322,"column":3}},"108":{"start":{"line":321,"column":4},"end":{"line":321,"column":73}},"109":{"start":{"line":324,"column":2},"end":{"line":351,"column":3}},"110":{"start":{"line":326,"column":25},"end":{"line":329,"column":5}},"111":{"start":{"line":331,"column":4},"end":{"line":333,"column":5}},"112":{"start":{"line":332,"column":6},"end":{"line":332,"column":68}},"113":{"start":{"line":336,"column":4},"end":{"line":336,"column":71}},"114":{"start":{"line":339,"column":26},"end":{"line":342,"column":5}},"115":{"start":{"line":344,"column":4},"end":{"line":347,"column":7}},"116":{"start":{"line":349,"column":4},"end":{"line":349,"column":59}},"117":{"start":{"line":350,"column":4},"end":{"line":350,"column":84}},"118":{"start":{"line":355,"column":0},"end":{"line":420,"column":3}},"119":{"start":{"line":356,"column":17},"end":{"line":356,"column":27}},"120":{"start":{"line":357,"column":26},"end":{"line":357,"column":34}},"121":{"start":{"line":359,"column":2},"end":{"line":361,"column":3}},"122":{"start":{"line":360,"column":4},"end":{"line":360,"column":72}},"123":{"start":{"line":363,"column":2},"end":{"line":419,"column":3}},"124":{"start":{"line":365,"column":25},"end":{"line":368,"column":5}},"125":{"start":{"line":370,"column":4},"end":{"line":372,"column":5}},"126":{"start":{"line":371,"column":6},"end":{"line":371,"column":68}},"127":{"start":{"line":375,"column":26},"end":{"line":378,"column":5}},"128":{"start":{"line":380,"column":4},"end":{"line":382,"column":5}},"129":{"start":{"line":381,"column":6},"end":{"line":381,"column":69}},"130":{"start":{"line":384,"column":4},"end":{"line":415,"column":5}},"131":{"start":{"line":386,"column":6},"end":{"line":386,"column":72}},"132":{"start":{"line":389,"column":28},"end":{"line":400,"column":7}},"133":{"start":{"line":402,"column":6},"end":{"line":405,"column":9}},"134":{"start":{"line":408,"column":6},"end":{"line":414,"column":7}},"135":{"start":{"line":409,"column":8},"end":{"line":409,"column":100}},"136":{"start":{"line":410,"column":13},"end":{"line":414,"column":7}},"137":{"start":{"line":411,"column":8},"end":{"line":411,"column":108}},"138":{"start":{"line":413,"column":8},"end":{"line":413,"column":20}},"139":{"start":{"line":417,"column":4},"end":{"line":417,"column":54}},"140":{"start":{"line":418,"column":4},"end":{"line":418,"column":79}},"141":{"start":{"line":423,"column":0},"end":{"line":461,"column":3}},"142":{"start":{"line":424,"column":17},"end":{"line":424,"column":27}},"143":{"start":{"line":425,"column":20},"end":{"line":425,"column":28}},"144":{"start":{"line":427,"column":2},"end":{"line":460,"column":3}},"145":{"start":{"line":429,"column":25},"end":{"line":432,"column":5}},"146":{"start":{"line":434,"column":4},"end":{"line":436,"column":5}},"147":{"start":{"line":435,"column":6},"end":{"line":435,"column":68}},"148":{"start":{"line":439,"column":27},"end":{"line":439,"column":81}},"149":{"start":{"line":440,"column":31},"end":{"line":440,"column":120}},"150":{"start":{"line":441,"column":30},"end":{"line":441,"column":119}},"151":{"start":{"line":443,"column":4},"end":{"line":445,"column":5}},"152":{"start":{"line":444,"column":6},"end":{"line":444,"column":88}},"153":{"start":{"line":448,"column":19},"end":{"line":451,"column":5}},"154":{"start":{"line":453,"column":4},"end":{"line":456,"column":7}},"155":{"start":{"line":458,"column":4},"end":{"line":458,"column":58}},"156":{"start":{"line":459,"column":4},"end":{"line":459,"column":83}},"157":{"start":{"line":464,"column":0},"end":{"line":503,"column":3}},"158":{"start":{"line":465,"column":19},"end":{"line":465,"column":29}},"159":{"start":{"line":466,"column":38},"end":{"line":466,"column":47}},"160":{"start":{"line":468,"column":2},"end":{"line":470,"column":3}},"161":{"start":{"line":469,"column":4},"end":{"line":469,"column":71}},"162":{"start":{"line":472,"column":2},"end":{"line":502,"column":3}},"163":{"start":{"line":474,"column":25},"end":{"line":477,"column":5}},"164":{"start":{"line":479,"column":4},"end":{"line":481,"column":5}},"165":{"start":{"line":480,"column":6},"end":{"line":480,"column":68}},"166":{"start":{"line":486,"column":4},"end":{"line":496,"column":5}},"167":{"start":{"line":487,"column":6},"end":{"line":490,"column":8}},"168":{"start":{"line":492,"column":6},"end":{"line":495,"column":8}},"169":{"start":{"line":498,"column":4},"end":{"line":498,"column":26}},"170":{"start":{"line":500,"column":4},"end":{"line":500,"column":65}},"171":{"start":{"line":501,"column":4},"end":{"line":501,"column":90}},"172":{"start":{"line":506,"column":0},"end":{"line":552,"column":3}},"173":{"start":{"line":507,"column":17},"end":{"line":507,"column":27}},"174":{"start":{"line":509,"column":2},"end":{"line":551,"column":3}},"175":{"start":{"line":511,"column":25},"end":{"line":514,"column":5}},"176":{"start":{"line":516,"column":4},"end":{"line":518,"column":5}},"177":{"start":{"line":517,"column":6},"end":{"line":517,"column":68}},"178":{"start":{"line":521,"column":27},"end":{"line":521,"column":81}},"179":{"start":{"line":522,"column":30},"end":{"line":522,"column":119}},"180":{"start":{"line":524,"column":4},"end":{"line":526,"column":5}},"181":{"start":{"line":525,"column":6},"end":{"line":525,"column":88}},"182":{"start":{"line":529,"column":4},"end":{"line":533,"column":5}},"183":{"start":{"line":530,"column":6},"end":{"line":532,"column":9}},"184":{"start":{"line":536,"column":4},"end":{"line":536,"column":76}},"185":{"start":{"line":539,"column":26},"end":{"line":542,"column":5}},"186":{"start":{"line":544,"column":4},"end":{"line":547,"column":7}},"187":{"start":{"line":549,"column":4},"end":{"line":549,"column":54}},"188":{"start":{"line":550,"column":4},"end":{"line":550,"column":79}},"189":{"start":{"line":555,"column":0},"end":{"line":565,"column":3}},"190":{"start":{"line":556,"column":19},"end":{"line":556,"column":29}},"191":{"start":{"line":558,"column":2},"end":{"line":564,"column":3}},"192":{"start":{"line":559,"column":19},"end":{"line":559,"column":78}},"193":{"start":{"line":560,"column":4},"end":{"line":560,"column":26}},"194":{"start":{"line":562,"column":4},"end":{"line":562,"column":54}},"195":{"start":{"line":563,"column":4},"end":{"line":563,"column":79}},"196":{"start":{"line":568,"column":0},"end":{"line":586,"column":3}},"197":{"start":{"line":569,"column":35},"end":{"line":569,"column":44}},"198":{"start":{"line":571,"column":2},"end":{"line":573,"column":3}},"199":{"start":{"line":572,"column":4},"end":{"line":572,"column":85}},"200":{"start":{"line":575,"column":2},"end":{"line":585,"column":3}},"201":{"start":{"line":576,"column":19},"end":{"line":579,"column":5}},"202":{"start":{"line":581,"column":4},"end":{"line":581,"column":26}},"203":{"start":{"line":583,"column":4},"end":{"line":583,"column":61}},"204":{"start":{"line":584,"column":4},"end":{"line":584,"column":86}},"205":{"start":{"line":588,"column":0},"end":{"line":588,"column":24}}},"fnMap":{"0":{"name":"(anonymous_0)","decl":{"start":{"line":7,"column":45},"end":{"line":7,"column":46}},"loc":{"start":{"line":7,"column":65},"end":{"line":60,"column":1}},"line":7},"1":{"name":"(anonymous_1)","decl":{"start":{"line":63,"column":32},"end":{"line":63,"column":33}},"loc":{"start":{"line":63,"column":52},"end":{"line":133,"column":1}},"line":63},"2":{"name":"(anonymous_2)","decl":{"start":{"line":136,"column":61},"end":{"line":136,"column":62}},"loc":{"start":{"line":136,"column":81},"end":{"line":160,"column":1}},"line":136},"3":{"name":"(anonymous_3)","decl":{"start":{"line":163,"column":58},"end":{"line":163,"column":59}},"loc":{"start":{"line":163,"column":78},"end":{"line":208,"column":1}},"line":163},"4":{"name":"(anonymous_4)","decl":{"start":{"line":211,"column":30},"end":{"line":211,"column":31}},"loc":{"start":{"line":211,"column":50},"end":{"line":311,"column":1}},"line":211},"5":{"name":"(anonymous_5)","decl":{"start":{"line":314,"column":55},"end":{"line":314,"column":56}},"loc":{"start":{"line":314,"column":75},"end":{"line":352,"column":1}},"line":314},"6":{"name":"(anonymous_6)","decl":{"start":{"line":355,"column":64},"end":{"line":355,"column":65}},"loc":{"start":{"line":355,"column":84},"end":{"line":420,"column":1}},"line":355},"7":{"name":"(anonymous_7)","decl":{"start":{"line":423,"column":38},"end":{"line":423,"column":39}},"loc":{"start":{"line":423,"column":58},"end":{"line":461,"column":1}},"line":423},"8":{"name":"(anonymous_8)","decl":{"start":{"line":464,"column":37},"end":{"line":464,"column":38}},"loc":{"start":{"line":464,"column":57},"end":{"line":503,"column":1}},"line":464},"9":{"name":"(anonymous_9)","decl":{"start":{"line":506,"column":39},"end":{"line":506,"column":40}},"loc":{"start":{"line":506,"column":59},"end":{"line":552,"column":1}},"line":506},"10":{"name":"(anonymous_10)","decl":{"start":{"line":555,"column":57},"end":{"line":555,"column":58}},"loc":{"start":{"line":555,"column":77},"end":{"line":565,"column":1}},"line":555},"11":{"name":"(anonymous_11)","decl":{"start":{"line":568,"column":63},"end":{"line":568,"column":64}},"loc":{"start":{"line":568,"column":83},"end":{"line":586,"column":1}},"line":568}},"branchMap":{"0":{"loc":{"start":{"line":33,"column":4},"end":{"line":36,"column":5}},"type":"if","locations":[{"start":{"line":33,"column":4},"end":{"line":36,"column":5}},{"start":{},"end":{}}],"line":33},"1":{"loc":{"start":{"line":38,"column":4},"end":{"line":41,"column":5}},"type":"if","locations":[{"start":{"line":38,"column":4},"end":{"line":41,"column":5}},{"start":{},"end":{}}],"line":38},"2":{"loc":{"start":{"line":43,"column":4},"end":{"line":46,"column":5}},"type":"if","locations":[{"start":{"line":43,"column":4},"end":{"line":46,"column":5}},{"start":{},"end":{}}],"line":43},"3":{"loc":{"start":{"line":48,"column":4},"end":{"line":50,"column":5}},"type":"if","locations":[{"start":{"line":48,"column":4},"end":{"line":50,"column":5}},{"start":{},"end":{}}],"line":48},"4":{"loc":{"start":{"line":90,"column":4},"end":{"line":92,"column":5}},"type":"if","locations":[{"start":{"line":90,"column":4},"end":{"line":92,"column":5}},{"start":{},"end":{}}],"line":90},"5":{"loc":{"start":{"line":97,"column":27},"end":{"line":97,"column":81}},"type":"binary-expr","locations":[{"start":{"line":97,"column":27},"end":{"line":97,"column":52}},{"start":{"line":97,"column":56},"end":{"line":97,"column":81}}],"line":97},"6":{"loc":{"start":{"line":98,"column":31},"end":{"line":98,"column":107}},"type":"binary-expr","locations":[{"start":{"line":98,"column":31},"end":{"line":98,"column":59}},{"start":{"line":98,"column":63},"end":{"line":98,"column":107}}],"line":98},"7":{"loc":{"start":{"line":99,"column":30},"end":{"line":99,"column":106}},"type":"binary-expr","locations":[{"start":{"line":99,"column":30},"end":{"line":99,"column":58}},{"start":{"line":99,"column":62},"end":{"line":99,"column":106}}],"line":99},"8":{"loc":{"start":{"line":101,"column":4},"end":{"line":103,"column":5}},"type":"if","locations":[{"start":{"line":101,"column":4},"end":{"line":103,"column":5}},{"start":{},"end":{}}],"line":101},"9":{"loc":{"start":{"line":101,"column":8},"end":{"line":101,"column":68}},"type":"binary-expr","locations":[{"start":{"line":101,"column":8},"end":{"line":101,"column":23}},{"start":{"line":101,"column":27},"end":{"line":101,"column":46}},{"start":{"line":101,"column":50},"end":{"line":101,"column":68}}],"line":101},"10":{"loc":{"start":{"line":106,"column":4},"end":{"line":119,"column":5}},"type":"if","locations":[{"start":{"line":106,"column":4},"end":{"line":119,"column":5}},{"start":{},"end":{}}],"line":106},"11":{"loc":{"start":{"line":106,"column":8},"end":{"line":106,"column":44}},"type":"binary-expr","locations":[{"start":{"line":106,"column":8},"end":{"line":106,"column":22}},{"start":{"line":106,"column":26},"end":{"line":106,"column":44}}],"line":106},"12":{"loc":{"start":{"line":190,"column":4},"end":{"line":193,"column":5}},"type":"if","locations":[{"start":{"line":190,"column":4},"end":{"line":193,"column":5}},{"start":{},"end":{}}],"line":190},"13":{"loc":{"start":{"line":195,"column":4},"end":{"line":198,"column":5}},"type":"if","locations":[{"start":{"line":195,"column":4},"end":{"line":198,"column":5}},{"start":{},"end":{}}],"line":195},"14":{"loc":{"start":{"line":221,"column":2},"end":{"line":223,"column":3}},"type":"if","locations":[{"start":{"line":221,"column":2},"end":{"line":223,"column":3}},{"start":{},"end":{}}],"line":221},"15":{"loc":{"start":{"line":221,"column":6},"end":{"line":221,"column":50}},"type":"binary-expr","locations":[{"start":{"line":221,"column":6},"end":{"line":221,"column":17}},{"start":{"line":221,"column":21},"end":{"line":221,"column":32}},{"start":{"line":221,"column":36},"end":{"line":221,"column":41}},{"start":{"line":221,"column":45},"end":{"line":221,"column":50}}],"line":221},"16":{"loc":{"start":{"line":232,"column":4},"end":{"line":234,"column":5}},"type":"if","locations":[{"start":{"line":232,"column":4},"end":{"line":234,"column":5}},{"start":{},"end":{}}],"line":232},"17":{"loc":{"start":{"line":236,"column":4},"end":{"line":238,"column":5}},"type":"if","locations":[{"start":{"line":236,"column":4},"end":{"line":238,"column":5}},{"start":{},"end":{}}],"line":236},"18":{"loc":{"start":{"line":243,"column":4},"end":{"line":274,"column":5}},"type":"if","locations":[{"start":{"line":243,"column":4},"end":{"line":274,"column":5}},{"start":{"line":255,"column":11},"end":{"line":274,"column":5}}],"line":243},"19":{"loc":{"start":{"line":252,"column":6},"end":{"line":254,"column":7}},"type":"if","locations":[{"start":{"line":252,"column":6},"end":{"line":254,"column":7}},{"start":{},"end":{}}],"line":252},"20":{"loc":{"start":{"line":255,"column":11},"end":{"line":274,"column":5}},"type":"if","locations":[{"start":{"line":255,"column":11},"end":{"line":274,"column":5}},{"start":{"line":272,"column":11},"end":{"line":274,"column":5}}],"line":255},"21":{"loc":{"start":{"line":255,"column":15},"end":{"line":255,"column":69}},"type":"binary-expr","locations":[{"start":{"line":255,"column":15},"end":{"line":255,"column":40}},{"start":{"line":255,"column":44},"end":{"line":255,"column":69}}],"line":255},"22":{"loc":{"start":{"line":259,"column":6},"end":{"line":261,"column":7}},"type":"if","locations":[{"start":{"line":259,"column":6},"end":{"line":261,"column":7}},{"start":{},"end":{}}],"line":259},"23":{"loc":{"start":{"line":269,"column":6},"end":{"line":271,"column":7}},"type":"if","locations":[{"start":{"line":269,"column":6},"end":{"line":271,"column":7}},{"start":{},"end":{}}],"line":269},"24":{"loc":{"start":{"line":320,"column":2},"end":{"line":322,"column":3}},"type":"if","locations":[{"start":{"line":320,"column":2},"end":{"line":322,"column":3}},{"start":{},"end":{}}],"line":320},"25":{"loc":{"start":{"line":320,"column":6},"end":{"line":320,"column":48}},"type":"binary-expr","locations":[{"start":{"line":320,"column":6},"end":{"line":320,"column":13}},{"start":{"line":320,"column":17},"end":{"line":320,"column":48}}],"line":320},"26":{"loc":{"start":{"line":331,"column":4},"end":{"line":333,"column":5}},"type":"if","locations":[{"start":{"line":331,"column":4},"end":{"line":333,"column":5}},{"start":{},"end":{}}],"line":331},"27":{"loc":{"start":{"line":359,"column":2},"end":{"line":361,"column":3}},"type":"if","locations":[{"start":{"line":359,"column":2},"end":{"line":361,"column":3}},{"start":{},"end":{}}],"line":359},"28":{"loc":{"start":{"line":370,"column":4},"end":{"line":372,"column":5}},"type":"if","locations":[{"start":{"line":370,"column":4},"end":{"line":372,"column":5}},{"start":{},"end":{}}],"line":370},"29":{"loc":{"start":{"line":380,"column":4},"end":{"line":382,"column":5}},"type":"if","locations":[{"start":{"line":380,"column":4},"end":{"line":382,"column":5}},{"start":{},"end":{}}],"line":380},"30":{"loc":{"start":{"line":408,"column":6},"end":{"line":414,"column":7}},"type":"if","locations":[{"start":{"line":408,"column":6},"end":{"line":414,"column":7}},{"start":{"line":410,"column":13},"end":{"line":414,"column":7}}],"line":408},"31":{"loc":{"start":{"line":410,"column":13},"end":{"line":414,"column":7}},"type":"if","locations":[{"start":{"line":410,"column":13},"end":{"line":414,"column":7}},{"start":{"line":412,"column":13},"end":{"line":414,"column":7}}],"line":410},"32":{"loc":{"start":{"line":434,"column":4},"end":{"line":436,"column":5}},"type":"if","locations":[{"start":{"line":434,"column":4},"end":{"line":436,"column":5}},{"start":{},"end":{}}],"line":434},"33":{"loc":{"start":{"line":439,"column":27},"end":{"line":439,"column":81}},"type":"binary-expr","locations":[{"start":{"line":439,"column":27},"end":{"line":439,"column":52}},{"start":{"line":439,"column":56},"end":{"line":439,"column":81}}],"line":439},"34":{"loc":{"start":{"line":440,"column":31},"end":{"line":440,"column":120}},"type":"binary-expr","locations":[{"start":{"line":440,"column":31},"end":{"line":440,"column":59}},{"start":{"line":440,"column":63},"end":{"line":440,"column":120}}],"line":440},"35":{"loc":{"start":{"line":441,"column":30},"end":{"line":441,"column":119}},"type":"binary-expr","locations":[{"start":{"line":441,"column":30},"end":{"line":441,"column":58}},{"start":{"line":441,"column":62},"end":{"line":441,"column":119}}],"line":441},"36":{"loc":{"start":{"line":443,"column":4},"end":{"line":445,"column":5}},"type":"if","locations":[{"start":{"line":443,"column":4},"end":{"line":445,"column":5}},{"start":{},"end":{}}],"line":443},"37":{"loc":{"start":{"line":443,"column":8},"end":{"line":443,"column":68}},"type":"binary-expr","locations":[{"start":{"line":443,"column":8},"end":{"line":443,"column":23}},{"start":{"line":443,"column":27},"end":{"line":443,"column":46}},{"start":{"line":443,"column":50},"end":{"line":443,"column":68}}],"line":443},"38":{"loc":{"start":{"line":468,"column":2},"end":{"line":470,"column":3}},"type":"if","locations":[{"start":{"line":468,"column":2},"end":{"line":470,"column":3}},{"start":{},"end":{}}],"line":468},"39":{"loc":{"start":{"line":479,"column":4},"end":{"line":481,"column":5}},"type":"if","locations":[{"start":{"line":479,"column":4},"end":{"line":481,"column":5}},{"start":{},"end":{}}],"line":479},"40":{"loc":{"start":{"line":486,"column":4},"end":{"line":496,"column":5}},"type":"if","locations":[{"start":{"line":486,"column":4},"end":{"line":496,"column":5}},{"start":{"line":491,"column":11},"end":{"line":496,"column":5}}],"line":486},"41":{"loc":{"start":{"line":516,"column":4},"end":{"line":518,"column":5}},"type":"if","locations":[{"start":{"line":516,"column":4},"end":{"line":518,"column":5}},{"start":{},"end":{}}],"line":516},"42":{"loc":{"start":{"line":521,"column":27},"end":{"line":521,"column":81}},"type":"binary-expr","locations":[{"start":{"line":521,"column":27},"end":{"line":521,"column":52}},{"start":{"line":521,"column":56},"end":{"line":521,"column":81}}],"line":521},"43":{"loc":{"start":{"line":522,"column":30},"end":{"line":522,"column":119}},"type":"binary-expr","locations":[{"start":{"line":522,"column":30},"end":{"line":522,"column":58}},{"start":{"line":522,"column":62},"end":{"line":522,"column":119}}],"line":522},"44":{"loc":{"start":{"line":524,"column":4},"end":{"line":526,"column":5}},"type":"if","locations":[{"start":{"line":524,"column":4},"end":{"line":526,"column":5}},{"start":{},"end":{}}],"line":524},"45":{"loc":{"start":{"line":524,"column":8},"end":{"line":524,"column":45}},"type":"binary-expr","locations":[{"start":{"line":524,"column":8},"end":{"line":524,"column":23}},{"start":{"line":524,"column":27},"end":{"line":524,"column":45}}],"line":524},"46":{"loc":{"start":{"line":529,"column":4},"end":{"line":533,"column":5}},"type":"if","locations":[{"start":{"line":529,"column":4},"end":{"line":533,"column":5}},{"start":{},"end":{}}],"line":529},"47":{"loc":{"start":{"line":529,"column":8},"end":{"line":529,"column":98}},"type":"binary-expr","locations":[{"start":{"line":529,"column":8},"end":{"line":529,"column":51}},{"start":{"line":529,"column":55},"end":{"line":529,"column":98}}],"line":529},"48":{"loc":{"start":{"line":571,"column":2},"end":{"line":573,"column":3}},"type":"if","locations":[{"start":{"line":571,"column":2},"end":{"line":573,"column":3}},{"start":{},"end":{}}],"line":571},"49":{"loc":{"start":{"line":571,"column":6},"end":{"line":571,"column":30}},"type":"binary-expr","locations":[{"start":{"line":571,"column":6},"end":{"line":571,"column":17}},{"start":{"line":571,"column":21},"end":{"line":571,"column":30}}],"line":571}},"s":{"0":5,"1":5,"2":5,"3":5,"4":5,"5":0,"6":0,"7":0,"8":0,"9":0,"10":0,"11":0,"12":0,"13":0,"14":0,"15":0,"16":0,"17":0,"18":0,"19":0,"20":0,"21":0,"22":0,"23":0,"24":0,"25":0,"26":5,"27":0,"28":0,"29":0,"30":0,"31":0,"32":0,"33":0,"34":0,"35":0,"36":0,"37":0,"38":0,"39":0,"40":0,"41":0,"42":0,"43":0,"44":0,"45":0,"46":0,"47":0,"48":5,"49":0,"50":0,"51":0,"52":0,"53":0,"54":5,"55":0,"56":0,"57":0,"58":0,"59":0,"60":0,"61":0,"62":0,"63":0,"64":0,"65":0,"66":0,"67":0,"68":0,"69":0,"70":5,"71":1,"72":1,"73":1,"74":0,"75":0,"76":0,"77":0,"78":0,"79":0,"80":0,"81":0,"82":0,"83":0,"84":0,"85":0,"86":0,"87":0,"88":0,"89":0,"90":0,"91":0,"92":0,"93":0,"94":0,"95":0,"96":0,"97":0,"98":0,"99":0,"100":0,"101":0,"102":0,"103":5,"104":1,"105":1,"106":1,"107":1,"108":1,"109":0,"110":0,"111":0,"112":0,"113":0,"114":0,"115":0,"116":0,"117":0,"118":5,"119":0,"120":0,"121":0,"122":0,"123":0,"124":0,"125":0,"126":0,"127":0,"128":0,"129":0,"130":0,"131":0,"132":0,"133":0,"134":0,"135":0,"136":0,"137":0,"138":0,"139":0,"140":0,"141":5,"142":0,"143":0,"144":0,"145":0,"146":0,"147":0,"148":0,"149":0,"150":0,"151":0,"152":0,"153":0,"154":0,"155":0,"156":0,"157":5,"158":0,"159":0,"160":0,"161":0,"162":0,"163":0,"164":0,"165":0,"166":0,"167":0,"168":0,"169":0,"170":0,"171":0,"172":5,"173":0,"174":0,"175":0,"176":0,"177":0,"178":0,"179":0,"180":0,"181":0,"182":0,"183":0,"184":0,"185":0,"186":0,"187":0,"188":0,"189":5,"190":0,"191":0,"192":0,"193":0,"194":0,"195":0,"196":5,"197":0,"198":0,"199":0,"200":0,"201":0,"202":0,"203":0,"204":0,"205":5},"f":{"0":0,"1":0,"2":0,"3":0,"4":1,"5":1,"6":0,"7":0,"8":0,"9":0,"10":0,"11":0},"b":{"0":[0,0],"1":[0,0],"2":[0,0],"3":[0,0],"4":[0,0],"5":[0,0],"6":[0,0],"7":[0,0],"8":[0,0],"9":[0,0,0],"10":[0,0],"11":[0,0],"12":[0,0],"13":[0,0],"14":[1,0],"15":[1,0,0,0],"16":[0,0],"17":[0,0],"18":[0,0],"19":[0,0],"20":[0,0],"21":[0,0],"22":[0,0],"23":[0,0],"24":[1,0],"25":[1,1],"26":[0,0],"27":[0,0],"28":[0,0],"29":[0,0],"30":[0,0],"31":[0,0],"32":[0,0],"33":[0,0],"34":[0,0],"35":[0,0],"36":[0,0],"37":[0,0,0],"38":[0,0],"39":[0,0],"40":[0,0],"41":[0,0],"42":[0,0],"43":[0,0],"44":[0,0],"45":[0,0],"46":[0,0],"47":[0,0],"48":[0,0],"49":[0,0]},"inputSourceMap":null,"_coverageSchema":"1a1c01bbd47fc00a2c39e90264f33305004495a9","hash":"38d1a0540d89bbc637e9c1b4c33e75e48cfed3f3"}
,"C:\\Users\\EttLuuDji\\Downloads\\xsignature\\xsignature-backend\\src\\routes\\customer_messages.routes.js": {"path":"C:\\Users\\EttLuuDji\\Downloads\\xsignature\\xsignature-backend\\src\\routes\\customer_messages.routes.js","statementMap":{"0":{"start":{"line":1,"column":16},"end":{"line":1,"column":34}},"1":{"start":{"line":2,"column":15},"end":{"line":2,"column":31}},"2":{"start":{"line":3,"column":11},"end":{"line":3,"column":34}},"3":{"start":{"line":4,"column":61},"end":{"line":4,"column":101}},"4":{"start":{"line":7,"column":0},"end":{"line":38,"column":3}},"5":{"start":{"line":8,"column":26},"end":{"line":8,"column":36}},"6":{"start":{"line":11,"column":25},"end":{"line":11,"column":79}},"7":{"start":{"line":12,"column":18},"end":{"line":12,"column":96}},"8":{"start":{"line":14,"column":2},"end":{"line":16,"column":3}},"9":{"start":{"line":15,"column":4},"end":{"line":15,"column":86}},"10":{"start":{"line":18,"column":2},"end":{"line":37,"column":3}},"11":{"start":{"line":19,"column":19},"end":{"line":31,"column":5}},"12":{"start":{"line":33,"column":4},"end":{"line":33,"column":26}},"13":{"start":{"line":35,"column":4},"end":{"line":35,"column":62}},"14":{"start":{"line":36,"column":4},"end":{"line":36,"column":87}},"15":{"start":{"line":41,"column":0},"end":{"line":62,"column":3}},"16":{"start":{"line":42,"column":2},"end":{"line":61,"column":3}},"17":{"start":{"line":43,"column":19},"end":{"line":55,"column":5}},"18":{"start":{"line":57,"column":4},"end":{"line":57,"column":26}},"19":{"start":{"line":59,"column":4},"end":{"line":59,"column":62}},"20":{"start":{"line":60,"column":4},"end":{"line":60,"column":87}},"21":{"start":{"line":65,"column":0},"end":{"line":102,"column":3}},"22":{"start":{"line":66,"column":25},"end":{"line":66,"column":35}},"23":{"start":{"line":68,"column":2},"end":{"line":101,"column":3}},"24":{"start":{"line":70,"column":25},"end":{"line":73,"column":5}},"25":{"start":{"line":75,"column":4},"end":{"line":77,"column":5}},"26":{"start":{"line":76,"column":6},"end":{"line":76,"column":68}},"27":{"start":{"line":80,"column":27},"end":{"line":80,"column":81}},"28":{"start":{"line":81,"column":30},"end":{"line":81,"column":119}},"29":{"start":{"line":83,"column":4},"end":{"line":85,"column":5}},"30":{"start":{"line":84,"column":6},"end":{"line":84,"column":88}},"31":{"start":{"line":87,"column":19},"end":{"line":95,"column":5}},"32":{"start":{"line":97,"column":4},"end":{"line":97,"column":26}},"33":{"start":{"line":99,"column":4},"end":{"line":99,"column":61}},"34":{"start":{"line":100,"column":4},"end":{"line":100,"column":86}},"35":{"start":{"line":105,"column":0},"end":{"line":127,"column":3}},"36":{"start":{"line":106,"column":2},"end":{"line":126,"column":3}},"37":{"start":{"line":107,"column":19},"end":{"line":120,"column":5}},"38":{"start":{"line":122,"column":4},"end":{"line":122,"column":26}},"39":{"start":{"line":124,"column":4},"end":{"line":124,"column":60}},"40":{"start":{"line":125,"column":4},"end":{"line":125,"column":85}},"41":{"start":{"line":130,"column":0},"end":{"line":167,"column":3}},"42":{"start":{"line":131,"column":34},"end":{"line":131,"column":42}},"43":{"start":{"line":133,"column":2},"end":{"line":135,"column":3}},"44":{"start":{"line":134,"column":4},"end":{"line":134,"column":76}},"45":{"start":{"line":137,"column":2},"end":{"line":166,"column":3}},"46":{"start":{"line":139,"column":4},"end":{"line":148,"column":5}},"47":{"start":{"line":140,"column":27},"end":{"line":143,"column":7}},"48":{"start":{"line":145,"column":6},"end":{"line":147,"column":7}},"49":{"start":{"line":146,"column":8},"end":{"line":146,"column":106}},"50":{"start":{"line":151,"column":19},"end":{"line":157,"column":5}},"51":{"start":{"line":159,"column":4},"end":{"line":162,"column":7}},"52":{"start":{"line":164,"column":4},"end":{"line":164,"column":51}},"53":{"start":{"line":165,"column":4},"end":{"line":165,"column":76}},"54":{"start":{"line":170,"column":0},"end":{"line":205,"column":3}},"55":{"start":{"line":171,"column":47},"end":{"line":171,"column":55}},"56":{"start":{"line":173,"column":2},"end":{"line":175,"column":3}},"57":{"start":{"line":174,"column":4},"end":{"line":174,"column":93}},"58":{"start":{"line":177,"column":2},"end":{"line":204,"column":3}},"59":{"start":{"line":179,"column":26},"end":{"line":182,"column":5}},"60":{"start":{"line":184,"column":4},"end":{"line":186,"column":5}},"61":{"start":{"line":185,"column":6},"end":{"line":185,"column":69}},"62":{"start":{"line":189,"column":19},"end":{"line":195,"column":5}},"63":{"start":{"line":197,"column":4},"end":{"line":200,"column":7}},"64":{"start":{"line":202,"column":4},"end":{"line":202,"column":49}},"65":{"start":{"line":203,"column":4},"end":{"line":203,"column":74}},"66":{"start":{"line":208,"column":0},"end":{"line":250,"column":3}},"67":{"start":{"line":209,"column":17},"end":{"line":209,"column":27}},"68":{"start":{"line":211,"column":2},"end":{"line":249,"column":3}},"69":{"start":{"line":213,"column":25},"end":{"line":216,"column":5}},"70":{"start":{"line":218,"column":4},"end":{"line":220,"column":5}},"71":{"start":{"line":219,"column":6},"end":{"line":219,"column":68}},"72":{"start":{"line":223,"column":27},"end":{"line":223,"column":81}},"73":{"start":{"line":224,"column":30},"end":{"line":224,"column":119}},"74":{"start":{"line":226,"column":4},"end":{"line":228,"column":5}},"75":{"start":{"line":227,"column":6},"end":{"line":227,"column":88}},"76":{"start":{"line":231,"column":4},"end":{"line":234,"column":5}},"77":{"start":{"line":233,"column":6},"end":{"line":233,"column":88}},"78":{"start":{"line":237,"column":19},"end":{"line":240,"column":5}},"79":{"start":{"line":242,"column":4},"end":{"line":245,"column":7}},"80":{"start":{"line":247,"column":4},"end":{"line":247,"column":59}},"81":{"start":{"line":248,"column":4},"end":{"line":248,"column":84}},"82":{"start":{"line":253,"column":0},"end":{"line":275,"column":3}},"83":{"start":{"line":254,"column":17},"end":{"line":254,"column":27}},"84":{"start":{"line":256,"column":2},"end":{"line":274,"column":3}},"85":{"start":{"line":258,"column":25},"end":{"line":261,"column":5}},"86":{"start":{"line":263,"column":4},"end":{"line":265,"column":5}},"87":{"start":{"line":264,"column":6},"end":{"line":264,"column":68}},"88":{"start":{"line":268,"column":4},"end":{"line":268,"column":72}},"89":{"start":{"line":270,"column":4},"end":{"line":270,"column":58}},"90":{"start":{"line":272,"column":4},"end":{"line":272,"column":52}},"91":{"start":{"line":273,"column":4},"end":{"line":273,"column":77}},"92":{"start":{"line":277,"column":0},"end":{"line":277,"column":24}}},"fnMap":{"0":{"name":"(anonymous_0)","decl":{"start":{"line":7,"column":50},"end":{"line":7,"column":51}},"loc":{"start":{"line":7,"column":70},"end":{"line":38,"column":1}},"line":7},"1":{"name":"(anonymous_1)","decl":{"start":{"line":41,"column":52},"end":{"line":41,"column":53}},"loc":{"start":{"line":41,"column":72},"end":{"line":62,"column":1}},"line":41},"2":{"name":"(anonymous_2)","decl":{"start":{"line":65,"column":48},"end":{"line":65,"column":49}},"loc":{"start":{"line":65,"column":68},"end":{"line":102,"column":1}},"line":65},"3":{"name":"(anonymous_3)","decl":{"start":{"line":105,"column":51},"end":{"line":105,"column":52}},"loc":{"start":{"line":105,"column":71},"end":{"line":127,"column":1}},"line":105},"4":{"name":"(anonymous_4)","decl":{"start":{"line":130,"column":46},"end":{"line":130,"column":47}},"loc":{"start":{"line":130,"column":66},"end":{"line":167,"column":1}},"line":130},"5":{"name":"(anonymous_5)","decl":{"start":{"line":170,"column":51},"end":{"line":170,"column":52}},"loc":{"start":{"line":170,"column":71},"end":{"line":205,"column":1}},"line":170},"6":{"name":"(anonymous_6)","decl":{"start":{"line":208,"column":37},"end":{"line":208,"column":38}},"loc":{"start":{"line":208,"column":57},"end":{"line":250,"column":1}},"line":208},"7":{"name":"(anonymous_7)","decl":{"start":{"line":253,"column":44},"end":{"line":253,"column":45}},"loc":{"start":{"line":253,"column":64},"end":{"line":275,"column":1}},"line":253}},"branchMap":{"0":{"loc":{"start":{"line":11,"column":25},"end":{"line":11,"column":79}},"type":"binary-expr","locations":[{"start":{"line":11,"column":25},"end":{"line":11,"column":50}},{"start":{"line":11,"column":54},"end":{"line":11,"column":79}}],"line":11},"1":{"loc":{"start":{"line":12,"column":18},"end":{"line":12,"column":96}},"type":"binary-expr","locations":[{"start":{"line":12,"column":18},"end":{"line":12,"column":46}},{"start":{"line":12,"column":50},"end":{"line":12,"column":96}}],"line":12},"2":{"loc":{"start":{"line":14,"column":2},"end":{"line":16,"column":3}},"type":"if","locations":[{"start":{"line":14,"column":2},"end":{"line":16,"column":3}},{"start":{},"end":{}}],"line":14},"3":{"loc":{"start":{"line":14,"column":6},"end":{"line":14,"column":33}},"type":"binary-expr","locations":[{"start":{"line":14,"column":6},"end":{"line":14,"column":21}},{"start":{"line":14,"column":25},"end":{"line":14,"column":33}}],"line":14},"4":{"loc":{"start":{"line":75,"column":4},"end":{"line":77,"column":5}},"type":"if","locations":[{"start":{"line":75,"column":4},"end":{"line":77,"column":5}},{"start":{},"end":{}}],"line":75},"5":{"loc":{"start":{"line":80,"column":27},"end":{"line":80,"column":81}},"type":"binary-expr","locations":[{"start":{"line":80,"column":27},"end":{"line":80,"column":52}},{"start":{"line":80,"column":56},"end":{"line":80,"column":81}}],"line":80},"6":{"loc":{"start":{"line":81,"column":30},"end":{"line":81,"column":119}},"type":"binary-expr","locations":[{"start":{"line":81,"column":30},"end":{"line":81,"column":58}},{"start":{"line":81,"column":62},"end":{"line":81,"column":119}}],"line":81},"7":{"loc":{"start":{"line":83,"column":4},"end":{"line":85,"column":5}},"type":"if","locations":[{"start":{"line":83,"column":4},"end":{"line":85,"column":5}},{"start":{},"end":{}}],"line":83},"8":{"loc":{"start":{"line":83,"column":8},"end":{"line":83,"column":45}},"type":"binary-expr","locations":[{"start":{"line":83,"column":8},"end":{"line":83,"column":23}},{"start":{"line":83,"column":27},"end":{"line":83,"column":45}}],"line":83},"9":{"loc":{"start":{"line":133,"column":2},"end":{"line":135,"column":3}},"type":"if","locations":[{"start":{"line":133,"column":2},"end":{"line":135,"column":3}},{"start":{},"end":{}}],"line":133},"10":{"loc":{"start":{"line":139,"column":4},"end":{"line":148,"column":5}},"type":"if","locations":[{"start":{"line":139,"column":4},"end":{"line":148,"column":5}},{"start":{},"end":{}}],"line":139},"11":{"loc":{"start":{"line":145,"column":6},"end":{"line":147,"column":7}},"type":"if","locations":[{"start":{"line":145,"column":6},"end":{"line":147,"column":7}},{"start":{},"end":{}}],"line":145},"12":{"loc":{"start":{"line":173,"column":2},"end":{"line":175,"column":3}},"type":"if","locations":[{"start":{"line":173,"column":2},"end":{"line":175,"column":3}},{"start":{},"end":{}}],"line":173},"13":{"loc":{"start":{"line":173,"column":6},"end":{"line":173,"column":30}},"type":"binary-expr","locations":[{"start":{"line":173,"column":6},"end":{"line":173,"column":18}},{"start":{"line":173,"column":22},"end":{"line":173,"column":30}}],"line":173},"14":{"loc":{"start":{"line":184,"column":4},"end":{"line":186,"column":5}},"type":"if","locations":[{"start":{"line":184,"column":4},"end":{"line":186,"column":5}},{"start":{},"end":{}}],"line":184},"15":{"loc":{"start":{"line":218,"column":4},"end":{"line":220,"column":5}},"type":"if","locations":[{"start":{"line":218,"column":4},"end":{"line":220,"column":5}},{"start":{},"end":{}}],"line":218},"16":{"loc":{"start":{"line":223,"column":27},"end":{"line":223,"column":81}},"type":"binary-expr","locations":[{"start":{"line":223,"column":27},"end":{"line":223,"column":52}},{"start":{"line":223,"column":56},"end":{"line":223,"column":81}}],"line":223},"17":{"loc":{"start":{"line":224,"column":30},"end":{"line":224,"column":119}},"type":"binary-expr","locations":[{"start":{"line":224,"column":30},"end":{"line":224,"column":58}},{"start":{"line":224,"column":62},"end":{"line":224,"column":119}}],"line":224},"18":{"loc":{"start":{"line":226,"column":4},"end":{"line":228,"column":5}},"type":"if","locations":[{"start":{"line":226,"column":4},"end":{"line":228,"column":5}},{"start":{},"end":{}}],"line":226},"19":{"loc":{"start":{"line":226,"column":8},"end":{"line":226,"column":45}},"type":"binary-expr","locations":[{"start":{"line":226,"column":8},"end":{"line":226,"column":23}},{"start":{"line":226,"column":27},"end":{"line":226,"column":45}}],"line":226},"20":{"loc":{"start":{"line":231,"column":4},"end":{"line":234,"column":5}},"type":"if","locations":[{"start":{"line":231,"column":4},"end":{"line":234,"column":5}},{"start":{},"end":{}}],"line":231},"21":{"loc":{"start":{"line":231,"column":8},"end":{"line":232,"column":71}},"type":"binary-expr","locations":[{"start":{"line":231,"column":9},"end":{"line":231,"column":23}},{"start":{"line":231,"column":27},"end":{"line":231,"column":67}},{"start":{"line":232,"column":9},"end":{"line":232,"column":26}},{"start":{"line":232,"column":30},"end":{"line":232,"column":70}}],"line":231},"22":{"loc":{"start":{"line":263,"column":4},"end":{"line":265,"column":5}},"type":"if","locations":[{"start":{"line":263,"column":4},"end":{"line":265,"column":5}},{"start":{},"end":{}}],"line":263}},"s":{"0":5,"1":5,"2":5,"3":5,"4":5,"5":1,"6":1,"7":1,"8":1,"9":1,"10":0,"11":0,"12":0,"13":0,"14":0,"15":5,"16":0,"17":0,"18":0,"19":0,"20":0,"21":5,"22":0,"23":0,"24":0,"25":0,"26":0,"27":0,"28":0,"29":0,"30":0,"31":0,"32":0,"33":0,"34":0,"35":5,"36":0,"37":0,"38":0,"39":0,"40":0,"41":5,"42":1,"43":1,"44":1,"45":0,"46":0,"47":0,"48":0,"49":0,"50":0,"51":0,"52":0,"53":0,"54":5,"55":1,"56":1,"57":1,"58":0,"59":0,"60":0,"61":0,"62":0,"63":0,"64":0,"65":0,"66":5,"67":0,"68":0,"69":0,"70":0,"71":0,"72":0,"73":0,"74":0,"75":0,"76":0,"77":0,"78":0,"79":0,"80":0,"81":0,"82":5,"83":0,"84":0,"85":0,"86":0,"87":0,"88":0,"89":0,"90":0,"91":0,"92":5},"f":{"0":1,"1":0,"2":0,"3":0,"4":1,"5":1,"6":0,"7":0},"b":{"0":[1,1],"1":[1,1],"2":[1,0],"3":[1,1],"4":[0,0],"5":[0,0],"6":[0,0],"7":[0,0],"8":[0,0],"9":[1,0],"10":[0,0],"11":[0,0],"12":[1,0],"13":[1,0],"14":[0,0],"15":[0,0],"16":[0,0],"17":[0,0],"18":[0,0],"19":[0,0],"20":[0,0],"21":[0,0,0,0],"22":[0,0]},"inputSourceMap":null,"_coverageSchema":"1a1c01bbd47fc00a2c39e90264f33305004495a9","hash":"a19e8a8522e42b117654d4b6c90d43a9cdcb9e23"}
,"C:\\Users\\EttLuuDji\\Downloads\\xsignature\\xsignature-backend\\src\\routes\\dashboard.routes.js": {"path":"C:\\Users\\EttLuuDji\\Downloads\\xsignature\\xsignature-backend\\src\\routes\\dashboard.routes.js","statementMap":{"0":{"start":{"line":1,"column":16},"end":{"line":1,"column":34}},"1":{"start":{"line":2,"column":15},"end":{"line":2,"column":31}},"2":{"start":{"line":3,"column":11},"end":{"line":3,"column":34}},"3":{"start":{"line":4,"column":49},"end":{"line":4,"column":89}},"4":{"start":{"line":7,"column":0},"end":{"line":24,"column":3}},"5":{"start":{"line":8,"column":2},"end":{"line":23,"column":3}},"6":{"start":{"line":10,"column":4},"end":{"line":10,"column":55}},"7":{"start":{"line":13,"column":24},"end":{"line":13,"column":71}},"8":{"start":{"line":15,"column":4},"end":{"line":17,"column":5}},"9":{"start":{"line":16,"column":6},"end":{"line":16,"column":76}},"10":{"start":{"line":19,"column":4},"end":{"line":19,"column":34}},"11":{"start":{"line":21,"column":4},"end":{"line":21,"column":60}},"12":{"start":{"line":22,"column":4},"end":{"line":22,"column":85}},"13":{"start":{"line":27,"column":0},"end":{"line":49,"column":3}},"14":{"start":{"line":28,"column":2},"end":{"line":48,"column":3}},"15":{"start":{"line":29,"column":19},"end":{"line":42,"column":6}},"16":{"start":{"line":44,"column":4},"end":{"line":44,"column":26}},"17":{"start":{"line":46,"column":4},"end":{"line":46,"column":63}},"18":{"start":{"line":47,"column":4},"end":{"line":47,"column":88}},"19":{"start":{"line":52,"column":0},"end":{"line":78,"column":3}},"20":{"start":{"line":53,"column":2},"end":{"line":77,"column":3}},"21":{"start":{"line":54,"column":19},"end":{"line":71,"column":6}},"22":{"start":{"line":73,"column":4},"end":{"line":73,"column":26}},"23":{"start":{"line":75,"column":4},"end":{"line":75,"column":62}},"24":{"start":{"line":76,"column":4},"end":{"line":76,"column":87}},"25":{"start":{"line":81,"column":0},"end":{"line":93,"column":3}},"26":{"start":{"line":82,"column":2},"end":{"line":92,"column":3}},"27":{"start":{"line":83,"column":19},"end":{"line":86,"column":6}},"28":{"start":{"line":88,"column":4},"end":{"line":88,"column":26}},"29":{"start":{"line":90,"column":4},"end":{"line":90,"column":62}},"30":{"start":{"line":91,"column":4},"end":{"line":91,"column":87}},"31":{"start":{"line":96,"column":0},"end":{"line":105,"column":3}},"32":{"start":{"line":97,"column":2},"end":{"line":104,"column":3}},"33":{"start":{"line":98,"column":19},"end":{"line":98,"column":71}},"34":{"start":{"line":100,"column":4},"end":{"line":100,"column":26}},"35":{"start":{"line":102,"column":4},"end":{"line":102,"column":65}},"36":{"start":{"line":103,"column":4},"end":{"line":103,"column":90}},"37":{"start":{"line":108,"column":0},"end":{"line":132,"column":3}},"38":{"start":{"line":109,"column":2},"end":{"line":131,"column":3}},"39":{"start":{"line":110,"column":19},"end":{"line":125,"column":6}},"40":{"start":{"line":127,"column":4},"end":{"line":127,"column":26}},"41":{"start":{"line":129,"column":4},"end":{"line":129,"column":62}},"42":{"start":{"line":130,"column":4},"end":{"line":130,"column":87}},"43":{"start":{"line":135,"column":0},"end":{"line":144,"column":3}},"44":{"start":{"line":136,"column":2},"end":{"line":143,"column":3}},"45":{"start":{"line":137,"column":19},"end":{"line":137,"column":98}},"46":{"start":{"line":139,"column":4},"end":{"line":139,"column":26}},"47":{"start":{"line":141,"column":4},"end":{"line":141,"column":63}},"48":{"start":{"line":142,"column":4},"end":{"line":142,"column":88}},"49":{"start":{"line":147,"column":0},"end":{"line":171,"column":3}},"50":{"start":{"line":148,"column":28},"end":{"line":148,"column":37}},"51":{"start":{"line":150,"column":2},"end":{"line":170,"column":3}},"52":{"start":{"line":151,"column":19},"end":{"line":164,"column":6}},"53":{"start":{"line":166,"column":4},"end":{"line":166,"column":26}},"54":{"start":{"line":168,"column":4},"end":{"line":168,"column":64}},"55":{"start":{"line":169,"column":4},"end":{"line":169,"column":89}},"56":{"start":{"line":174,"column":0},"end":{"line":183,"column":3}},"57":{"start":{"line":175,"column":2},"end":{"line":182,"column":3}},"58":{"start":{"line":176,"column":19},"end":{"line":176,"column":94}},"59":{"start":{"line":178,"column":4},"end":{"line":178,"column":26}},"60":{"start":{"line":180,"column":4},"end":{"line":180,"column":62}},"61":{"start":{"line":181,"column":4},"end":{"line":181,"column":87}},"62":{"start":{"line":186,"column":0},"end":{"line":218,"column":3}},"63":{"start":{"line":187,"column":60},"end":{"line":187,"column":69}},"64":{"start":{"line":190,"column":27},"end":{"line":190,"column":67}},"65":{"start":{"line":191,"column":2},"end":{"line":193,"column":3}},"66":{"start":{"line":192,"column":4},"end":{"line":192,"column":68}},"67":{"start":{"line":196,"column":23},"end":{"line":196,"column":83}},"68":{"start":{"line":199,"column":2},"end":{"line":205,"column":3}},"69":{"start":{"line":200,"column":4},"end":{"line":200,"column":32}},"70":{"start":{"line":202,"column":17},"end":{"line":202,"column":27}},"71":{"start":{"line":203,"column":4},"end":{"line":203,"column":40}},"72":{"start":{"line":204,"column":4},"end":{"line":204,"column":54}},"73":{"start":{"line":207,"column":2},"end":{"line":217,"column":3}},"74":{"start":{"line":208,"column":19},"end":{"line":211,"column":5}},"75":{"start":{"line":213,"column":4},"end":{"line":213,"column":26}},"76":{"start":{"line":215,"column":4},"end":{"line":215,"column":55}},"77":{"start":{"line":216,"column":4},"end":{"line":216,"column":80}},"78":{"start":{"line":221,"column":0},"end":{"line":242,"column":3}},"79":{"start":{"line":222,"column":28},"end":{"line":222,"column":37}},"80":{"start":{"line":224,"column":2},"end":{"line":241,"column":3}},"81":{"start":{"line":225,"column":19},"end":{"line":235,"column":6}},"82":{"start":{"line":237,"column":4},"end":{"line":237,"column":26}},"83":{"start":{"line":239,"column":4},"end":{"line":239,"column":60}},"84":{"start":{"line":240,"column":4},"end":{"line":240,"column":85}},"85":{"start":{"line":245,"column":0},"end":{"line":265,"column":3}},"86":{"start":{"line":246,"column":28},"end":{"line":246,"column":37}},"87":{"start":{"line":248,"column":2},"end":{"line":264,"column":3}},"88":{"start":{"line":249,"column":19},"end":{"line":258,"column":6}},"89":{"start":{"line":260,"column":4},"end":{"line":260,"column":26}},"90":{"start":{"line":262,"column":4},"end":{"line":262,"column":61}},"91":{"start":{"line":263,"column":4},"end":{"line":263,"column":86}},"92":{"start":{"line":268,"column":0},"end":{"line":281,"column":3}},"93":{"start":{"line":269,"column":2},"end":{"line":280,"column":3}},"94":{"start":{"line":270,"column":19},"end":{"line":274,"column":6}},"95":{"start":{"line":276,"column":4},"end":{"line":276,"column":63}},"96":{"start":{"line":278,"column":4},"end":{"line":278,"column":66}},"97":{"start":{"line":279,"column":4},"end":{"line":279,"column":91}},"98":{"start":{"line":284,"column":0},"end":{"line":297,"column":3}},"99":{"start":{"line":285,"column":2},"end":{"line":296,"column":3}},"100":{"start":{"line":286,"column":19},"end":{"line":290,"column":6}},"101":{"start":{"line":292,"column":4},"end":{"line":292,"column":64}},"102":{"start":{"line":294,"column":4},"end":{"line":294,"column":71}},"103":{"start":{"line":295,"column":4},"end":{"line":295,"column":96}},"104":{"start":{"line":299,"column":0},"end":{"line":299,"column":24}}},"fnMap":{"0":{"name":"(anonymous_0)","decl":{"start":{"line":7,"column":50},"end":{"line":7,"column":51}},"loc":{"start":{"line":7,"column":70},"end":{"line":24,"column":1}},"line":7},"1":{"name":"(anonymous_1)","decl":{"start":{"line":27,"column":63},"end":{"line":27,"column":64}},"loc":{"start":{"line":27,"column":83},"end":{"line":49,"column":1}},"line":27},"2":{"name":"(anonymous_2)","decl":{"start":{"line":52,"column":60},"end":{"line":52,"column":61}},"loc":{"start":{"line":52,"column":80},"end":{"line":78,"column":1}},"line":52},"3":{"name":"(anonymous_3)","decl":{"start":{"line":81,"column":62},"end":{"line":81,"column":63}},"loc":{"start":{"line":81,"column":82},"end":{"line":93,"column":1}},"line":81},"4":{"name":"(anonymous_4)","decl":{"start":{"line":96,"column":65},"end":{"line":96,"column":66}},"loc":{"start":{"line":96,"column":85},"end":{"line":105,"column":1}},"line":96},"5":{"name":"(anonymous_5)","decl":{"start":{"line":108,"column":62},"end":{"line":108,"column":63}},"loc":{"start":{"line":108,"column":82},"end":{"line":132,"column":1}},"line":108},"6":{"name":"(anonymous_6)","decl":{"start":{"line":135,"column":63},"end":{"line":135,"column":64}},"loc":{"start":{"line":135,"column":83},"end":{"line":144,"column":1
[...]
e":85,"column":4},"end":{"line":87,"column":5}},{"start":{},"end":{}}],"line":85},"8":{"loc":{"start":{"line":85,"column":8},"end":{"line":85,"column":35}},"type":"binary-expr","locations":[{"start":{"line":85,"column":8},"end":{"line":85,"column":23}},{"start":{"line":85,"column":27},"end":{"line":85,"column":35}}],"line":85},"9":{"loc":{"start":{"line":113,"column":2},"end":{"line":115,"column":3}},"type":"if","locations":[{"start":{"line":113,"column":2},"end":{"line":115,"column":3}},{"start":{},"end":{}}],"line":113},"10":{"loc":{"start":{"line":113,"column":6},"end":{"line":113,"column":48}},"type":"binary-expr","locations":[{"start":{"line":113,"column":6},"end":{"line":113,"column":11}},{"start":{"line":113,"column":15},"end":{"line":113,"column":21}},{"start":{"line":113,"column":25},"end":{"line":113,"column":30}},{"start":{"line":113,"column":34},"end":{"line":113,"column":48}}],"line":113},"11":{"loc":{"start":{"line":121,"column":4},"end":{"line":130,"column":5}},"type":"if","locations":[{"start":{"line":121,"column":4},"end":{"line":130,"column":5}},{"start":{"line":123,"column":11},"end":{"line":130,"column":5}}],"line":121},"12":{"loc":{"start":{"line":123,"column":11},"end":{"line":130,"column":5}},"type":"if","locations":[{"start":{"line":123,"column":11},"end":{"line":130,"column":5}},{"start":{"line":128,"column":11},"end":{"line":130,"column":5}}],"line":123},"13":{"loc":{"start":{"line":123,"column":15},"end":{"line":123,"column":69}},"type":"binary-expr","locations":[{"start":{"line":123,"column":15},"end":{"line":123,"column":40}},{"start":{"line":123,"column":44},"end":{"line":123,"column":69}}],"line":123},"14":{"loc":{"start":{"line":124,"column":6},"end":{"line":126,"column":7}},"type":"if","locations":[{"start":{"line":124,"column":6},"end":{"line":126,"column":7}},{"start":{},"end":{}}],"line":124},"15":{"loc":{"start":{"line":138,"column":4},"end":{"line":140,"column":5}},"type":"if","locations":[{"start":{"line":138,"column":4},"end":{"line":140,"column":5}},{"start":{},"end":{}}],"line":138},"16":{"loc":{"start":{"line":143,"column":4},"end":{"line":152,"column":5}},"type":"if","locations":[{"start":{"line":143,"column":4},"end":{"line":152,"column":5}},{"start":{},"end":{}}],"line":143},"17":{"loc":{"start":{"line":149,"column":6},"end":{"line":151,"column":7}},"type":"if","locations":[{"start":{"line":149,"column":6},"end":{"line":151,"column":7}},{"start":{},"end":{}}],"line":149},"18":{"loc":{"start":{"line":185,"column":4},"end":{"line":187,"column":5}},"type":"if","locations":[{"start":{"line":185,"column":4},"end":{"line":187,"column":5}},{"start":{},"end":{}}],"line":185},"19":{"loc":{"start":{"line":190,"column":27},"end":{"line":190,"column":81}},"type":"binary-expr","locations":[{"start":{"line":190,"column":27},"end":{"line":190,"column":52}},{"start":{"line":190,"column":56},"end":{"line":190,"column":81}}],"line":190},"20":{"loc":{"start":{"line":191,"column":20},"end":{"line":191,"column":109}},"type":"binary-expr","locations":[{"start":{"line":191,"column":20},"end":{"line":191,"column":48}},{"start":{"line":191,"column":52},"end":{"line":191,"column":109}}],"line":191},"21":{"loc":{"start":{"line":193,"column":4},"end":{"line":195,"column":5}},"type":"if","locations":[{"start":{"line":193,"column":4},"end":{"line":195,"column":5}},{"start":{},"end":{}}],"line":193},"22":{"loc":{"start":{"line":193,"column":8},"end":{"line":193,"column":35}},"type":"binary-expr","locations":[{"start":{"line":193,"column":8},"end":{"line":193,"column":23}},{"start":{"line":193,"column":27},"end":{"line":193,"column":35}}],"line":193},"23":{"loc":{"start":{"line":202,"column":4},"end":{"line":206,"column":5}},"type":"if","locations":[{"start":{"line":202,"column":4},"end":{"line":206,"column":5}},{"start":{},"end":{}}],"line":202},"24":{"loc":{"start":{"line":208,"column":4},"end":{"line":212,"column":5}},"type":"if","locations":[{"start":{"line":208,"column":4},"end":{"line":212,"column":5}},{"start":{},"end":{}}],"line":208},"25":{"loc":{"start":{"line":214,"column":4},"end":{"line":218,"column":5}},"type":"if","locations":[{"start":{"line":214,"column":4},"end":{"line":218,"column":5}},{"start":{},"end":{}}],"line":214},"26":{"loc":{"start":{"line":220,"column":4},"end":{"line":236,"column":5}},"type":"if","locations":[{"start":{"line":220,"column":4},"end":{"line":236,"column":5}},{"start":{},"end":{}}],"line":220},"27":{"loc":{"start":{"line":222,"column":6},"end":{"line":231,"column":7}},"type":"if","locations":[{"start":{"line":222,"column":6},"end":{"line":231,"column":7}},{"start":{},"end":{}}],"line":222},"28":{"loc":{"start":{"line":228,"column":8},"end":{"line":230,"column":9}},"type":"if","locations":[{"start":{"line":228,"column":8},"end":{"line":230,"column":9}},{"start":{},"end":{}}],"line":228},"29":{"loc":{"start":{"line":238,"column":4},"end":{"line":254,"column":5}},"type":"if","locations":[{"start":{"line":238,"column":4},"end":{"line":254,"column":5}},{"start":{},"end":{}}],"line":238},"30":{"loc":{"start":{"line":240,"column":6},"end":{"line":249,"column":7}},"type":"if","locations":[{"start":{"line":240,"column":6},"end":{"line":249,"column":7}},{"start":{},"end":{}}],"line":240},"31":{"loc":{"start":{"line":246,"column":8},"end":{"line":248,"column":9}},"type":"if","locations":[{"start":{"line":246,"column":8},"end":{"line":248,"column":9}},{"start":{},"end":{}}],"line":246},"32":{"loc":{"start":{"line":256,"column":4},"end":{"line":260,"column":5}},"type":"if","locations":[{"start":{"line":256,"column":4},"end":{"line":260,"column":5}},{"start":{},"end":{}}],"line":256},"33":{"loc":{"start":{"line":263,"column":4},"end":{"line":265,"column":5}},"type":"if","locations":[{"start":{"line":263,"column":4},"end":{"line":265,"column":5}},{"start":{},"end":{}}],"line":263},"34":{"loc":{"start":{"line":301,"column":4},"end":{"line":303,"column":5}},"type":"if","locations":[{"start":{"line":301,"column":4},"end":{"line":303,"column":5}},{"start":{},"end":{}}],"line":301},"35":{"loc":{"start":{"line":306,"column":27},"end":{"line":306,"column":81}},"type":"binary-expr","locations":[{"start":{"line":306,"column":27},"end":{"line":306,"column":52}},{"start":{"line":306,"column":56},"end":{"line":306,"column":81}}],"line":306},"36":{"loc":{"start":{"line":307,"column":20},"end":{"line":307,"column":109}},"type":"binary-expr","locations":[{"start":{"line":307,"column":20},"end":{"line":307,"column":48}},{"start":{"line":307,"column":52},"end":{"line":307,"column":109}}],"line":307},"37":{"loc":{"start":{"line":309,"column":4},"end":{"line":311,"column":5}},"type":"if","locations":[{"start":{"line":309,"column":4},"end":{"line":311,"column":5}},{"start":{},"end":{}}],"line":309},"38":{"loc":{"start":{"line":309,"column":8},"end":{"line":309,"column":35}},"type":"binary-expr","locations":[{"start":{"line":309,"column":8},"end":{"line":309,"column":23}},{"start":{"line":309,"column":27},"end":{"line":309,"column":35}}],"line":309},"39":{"loc":{"start":{"line":319,"column":4},"end":{"line":323,"column":5}},"type":"if","locations":[{"start":{"line":319,"column":4},"end":{"line":323,"column":5}},{"start":{},"end":{}}],"line":319}},"s":{"0":5,"1":5,"2":5,"3":5,"4":5,"5":0,"6":0,"7":0,"8":0,"9":0,"10":5,"11":0,"12":0,"13":0,"14":0,"15":0,"16":0,"17":0,"18":0,"19":0,"20":0,"21":5,"22":0,"23":0,"24":0,"25":0,"26":0,"27":5,"28":0,"29":0,"30":0,"31":0,"32":0,"33":0,"34":0,"35":0,"36":0,"37":0,"38":0,"39":0,"40":0,"41":0,"42":0,"43":5,"44":0,"45":0,"46":0,"47":0,"48":0,"49":0,"50":0,"51":0,"52":0,"53":0,"54":0,"55":0,"56":0,"57":0,"58":0,"59":0,"60":0,"61":0,"62":0,"63":0,"64":0,"65":0,"66":5,"67":0,"68":0,"69":0,"70":0,"71":0,"72":0,"73":0,"74":0,"75":0,"76":0,"77":0,"78":0,"79":0,"80":0,"81":0,"82":0,"83":0,"84":0,"85":0,"86":0,"87":0,"88":0,"89":0,"90":0,"91":0,"92":0,"93":0,"94":0,"95":0,"96":0,"97":0,"98":0,"99":0,"100":0,"101":0,"102":0,"103":0,"104":0,"105":0,"106":0,"107":0,"108":0,"109":0,"110":0,"111":0,"112":0,"113":0,"114":0,"115":0,"116":0,"117":0,"118":0,"119":0,"120":5,"121":0,"122":0,"123":0,"124":0,"125":0,"126":0,"127":0,"128":0,"129":0,"130":0,"131":0,"132":0,"133":0,"134":0,"135":0,"136":0,"137":5,"138":0,"139":0,"140":0,"141":0,"142":0,"143":0,"144":5},"f":{"0":0,"1":0,"2":0,"3":0,"4":0,"5":0,"6":0,"7":0},"b":{"0":[0,0],"1":[0,0],"2":[0,0],"3":[0,0],"4":[0,0],"5":[0,0],"6":[0,0],"7":[0,0],"8":[0,0],"9":[0,0],"10":[0,0,0,0],"11":[0,0],"12":[0,0],"13":[0,0],"14":[0,0],"15":[0,0],"16":[0,0],"17":[0,0],"18":[0,0],"19":[0,0],"20":[0,0],"21":[0,0],"22":[0,0],"23":[0,0],"24":[0,0],"25":[0,0],"26":[0,0],"27":[0,0],"28":[0,0],"29":[0,0],"30":[0,0],"31":[0,0],"32":[0,0],"33":[0,0],"34":[0,0],"35":[0,0],"36":[0,0],"37":[0,0],"38":[0,0],"39":[0,0]},"inputSourceMap":null,"_coverageSchema":"1a1c01bbd47fc00a2c39e90264f33305004495a9","hash":"6ebb6988fb71bb14b8fce712590982cd3d7839f7"}
,"C:\\Users\\EttLuuDji\\Downloads\\xsignature\\xsignature-backend\\src\\utils\\errorHandler.js": {"path":"C:\\Users\\EttLuuDji\\Downloads\\xsignature\\xsignature-backend\\src\\utils\\errorHandler.js","statementMap":{"0":{"start":{"line":6,"column":4},"end":{"line":6,"column":19}},"1":{"start":{"line":7,"column":4},"end":{"line":7,"column":33}},"2":{"start":{"line":8,"column":4},"end":{"line":8,"column":25}},"3":{"start":{"line":9,"column":4},"end":{"line":9,"column":30}},"4":{"start":{"line":10,"column":4},"end":{"line":10,"column":52}},"5":{"start":{"line":17,"column":21},"end":{"line":125,"column":1}},"6":{"start":{"line":19,"column":14},"end":{"line":23,"column":3}},"7":{"start":{"line":26,"column":2},"end":{"line":35,"column":5}},"8":{"start":{"line":40,"column":2},"end":{"line":69,"column":3}},"9":{"start":{"line":41,"column":4},"end":{"line":68,"column":5}},"10":{"start":{"line":44,"column":8},"end":{"line":44,"column":31}},"11":{"start":{"line":45,"column":8},"end":{"line":45,"column":46}},"12":{"start":{"line":46,"column":8},"end":{"line":48,"column":9}},"13":{"start":{"line":47,"column":10},"end":{"line":47,"column":53}},"14":{"start":{"line":49,"column":8},"end":{"line":49,"column":14}},"15":{"start":{"line":53,"column":8},"end":{"line":53,"column":31}},"16":{"start":{"line":54,"column":8},"end":{"line":54,"column":57}},"17":{"start":{"line":55,"column":8},"end":{"line":57,"column":9}},"18":{"start":{"line":56,"column":10},"end":{"line":56,"column":53}},"19":{"start":{"line":58,"column":8},"end":{"line":58,"column":14}},"20":{"start":{"line":62,"column":8},"end":{"line":62,"column":31}},"21":{"start":{"line":63,"column":8},"end":{"line":63,"column":52}},"22":{"start":{"line":64,"column":8},"end":{"line":66,"column":9}},"23":{"start":{"line":65,"column":10},"end":{"line":65,"column":89}},"24":{"start":{"line":67,"column":8},"end":{"line":67,"column":14}},"25":{"start":{"line":72,"column":2},"end":{"line":75,"column":3}},"26":{"start":{"line":73,"column":4},"end":{"line":73,"column":27}},"27":{"start":{"line":74,"column":4},"end":{"line":74,"column":36}},"28":{"start":{"line":77,"column":2},"end":{"line":80,"column":3}},"29":{"start":{"line":78,"column":4},"end":{"line":78,"column":27}},"30":{"start":{"line":79,"column":4},"end":{"line":79,"column":36}},"31":{"start":{"line":83,"column":2},"end":{"line":96,"column":3}},"32":{"start":{"line":84,"column":4},"end":{"line":84,"column":27}},"33":{"start":{"line":86,"column":4},"end":{"line":95,"column":5}},"34":{"start":{"line":88,"column":8},"end":{"line":88,"column":41}},"35":{"start":{"line":89,"column":8},"end":{"line":89,"column":14}},"36":{"start":{"line":91,"column":8},"end":{"line":91,"column":48}},"37":{"start":{"line":92,"column":8},"end":{"line":92,"column":14}},"38":{"start":{"line":94,"column":8},"end":{"line":94,"column":44}},"39":{"start":{"line":99,"column":2},"end":{"line":101,"column":3}},"40":{"start":{"line":100,"column":4},"end":{"line":100,"column":56}},"41":{"start":{"line":104,"column":2},"end":{"line":106,"column":3}},"42":{"start":{"line":105,"column":4},"end":{"line":105,"column":49}},"43":{"start":{"line":109,"column":2},"end":{"line":111,"column":3}},"44":{"start":{"line":110,"column":4},"end":{"line":110,"column":50}},"45":{"start":{"line":114,"column":2},"end":{"line":116,"column":3}},"46":{"start":{"line":115,"column":4},"end":{"line":115,"column":47}},"47":{"start":{"line":119,"column":2},"end":{"line":124,"column":5}},"48":{"start":{"line":130,"column":24},"end":{"line":133,"column":1}},"49":{"start":{"line":131,"column":16},"end":{"line":131,"column":72}},"50":{"start":{"line":132,"column":2},"end":{"line":132,"column":14}},"51":{"start":{"line":138,"column":20},"end":{"line":140,"column":1}},"52":{"start":{"line":139,"column":2},"end":{"line":139,"column":51}},"53":{"start":{"line":142,"column":0},"end":{"line":147,"column":2}}},"fnMap":{"0":{"name":"(anonymous_0)","decl":{"start":{"line":5,"column":2},"end":{"line":5,"column":3}},"loc":{"start":{"line":5,"column":48},"end":{"line":11,"column":3}},"line":5},"1":{"name":"(anonymous_1)","decl":{"start":{"line":17,"column":21},"end":{"line":17,"column":22}},"loc":{"start":{"line":17,"column":46},"end":{"line":125,"column":1}},"line":17},"2":{"name":"(anonymous_2)","decl":{"start":{"line":130,"column":24},"end":{"line":130,"column":25}},"loc":{"start":{"line":130,"column":44},"end":{"line":133,"column":1}},"line":130},"3":{"name":"(anonymous_3)","decl":{"start":{"line":138,"column":20},"end":{"line":138,"column":21}},"loc":{"start":{"line":138,"column":58},"end":{"line":140,"column":1}},"line":138}},"branchMap":{"0":{"loc":{"start":{"line":5,"column":35},"end":{"line":5,"column":46}},"type":"default-arg","locations":[{"start":{"line":5,"column":44},"end":{"line":5,"column":46}}],"line":5},"1":{"loc":{"start":{"line":20,"column":16},"end":{"line":20,"column":37}},"type":"binary-expr","locations":[{"start":{"line":20,"column":16},"end":{"line":20,"column":30}},{"start":{"line":20,"column":34},"end":{"line":20,"column":37}}],"line":20},"2":{"loc":{"start":{"line":21,"column":13},"end":{"line":21,"column":42}},"type":"binary-expr","locations":[{"start":{"line":21,"column":13},"end":{"line":21,"column":24}},{"start":{"line":21,"column":28},"end":{"line":21,"column":42}}],"line":21},"3":{"loc":{"start":{"line":22,"column":12},"end":{"line":22,"column":28}},"type":"binary-expr","locations":[{"start":{"line":22,"column":12},"end":{"line":22,"column":22}},{"start":{"line":22,"column":26},"end":{"line":22,"column":28}}],"line":22},"4":{"loc":{"start":{"line":34,"column":10},"end":{"line":34,"column":68}},"type":"cond-expr","locations":[{"start":{"line":34,"column":21},"end":{"line":34,"column":61}},{"start":{"line":34,"column":64},"end":{"line":34,"column":68}}],"line":34},"5":{"loc":{"start":{"line":40,"column":2},"end":{"line":69,"column":3}},"type":"if","locations":[{"start":{"line":40,"column":2},"end":{"line":69,"column":3}},{"start":{},"end":{}}],"line":40},"6":{"loc":{"start":{"line":41,"column":4},"end":{"line":68,"column":5}},"type":"switch","locations":[{"start":{"line":43,"column":6},"end":{"line":49,"column":14}},{"start":{"line":52,"column":6},"end":{"line":58,"column":14}},{"start":{"line":61,"column":6},"end":{"line":67,"column":14}}],"line":41},"7":{"loc":{"start":{"line":46,"column":8},"end":{"line":48,"column":9}},"type":"if","locations":[{"start":{"line":46,"column":8},"end":{"line":48,"column":9}},{"start":{},"end":{}}],"line":46},"8":{"loc":{"start":{"line":55,"column":8},"end":{"line":57,"column":9}},"type":"if","locations":[{"start":{"line":55,"column":8},"end":{"line":57,"column":9}},{"start":{},"end":{}}],"line":55},"9":{"loc":{"start":{"line":64,"column":8},"end":{"line":66,"column":9}},"type":"if","locations":[{"start":{"line":64,"column":8},"end":{"line":66,"column":9}},{"start":{},"end":{}}],"line":64},"10":{"loc":{"start":{"line":72,"column":2},"end":{"line":75,"column":3}},"type":"if","locations":[{"start":{"line":72,"column":2},"end":{"line":75,"column":3}},{"start":{},"end":{}}],"line":72},"11":{"loc":{"start":{"line":77,"column":2},"end":{"line":80,"column":3}},"type":"if","locations":[{"start":{"line":77,"column":2},"end":{"line":80,"column":3}},{"start":{},"end":{}}],"line":77},"12":{"loc":{"start":{"line":83,"column":2},"end":{"line":96,"column":3}},"type":"if","locations":[{"start":{"line":83,"column":2},"end":{"line":96,"column":3}},{"start":{},"end":{}}],"line":83},"13":{"loc":{"start":{"line":86,"column":4},"end":{"line":95,"column":5}},"type":"switch","locations":[{"start":{"line":87,"column":6},"end":{"line":89,"column":14}},{"start":{"line":90,"column":6},"end":{"line":92,"column":14}},{"start":{"line":93,"column":6},"end":{"line":94,"column":44}}],"line":86},"14":{"loc":{"start":{"line":99,"column":2},"end":{"line":101,"column":3}},"type":"if","locations":[{"start":{"line":99,"column":2},"end":{"line":101,"column":3}},{"start":{},"end":{}}],"line":99},"15":{"loc":{"start":{"line":100,"column":20},"end":{"line":100,"column":55}},"type":"binary-expr","locations":[{"start":{"line":100,"column":20},"end":{"line":100,"column":31}},{"start":{"line":100,"column":35},"end":{"line":100,"column":55}}],"line":100},"16":{"loc":{"start":{"line":104,"column":2},"end":{"line":106,"column":3}},"type":"if","locations":[{"start":{"line":104,"column":2},"end":{"line":106,"column":3}},{"start":{},"end":{}}],"line":104},"17":{"loc":{"start":{"line":105,"column":20},"end":{"line":105,"column":48}},"type":"binary-expr","locations":[{"start":{"line":105,"column":20},"end":{"line":105,"column":31}},{"start":{"line":105,"column":35},"end":{"line":105,"column":48}}],"line":105},"18":{"loc":{"start":{"line":109,"column":2},"end":{"line":111,"column":3}},"type":"if","locations":[{"start":{"line":109,"column":2},"end":{"line":111,"column":3}},{"start":{},"end":{}}],"line":109},"19":{"loc":{"start":{"line":110,"column":20},"end":{"line":110,"column":49}},"type":"binary-expr","locations":[{"start":{"line":110,"column":20},"end":{"line":110,"column":31}},{"start":{"line":110,"column":35},"end":{"line":110,"column":49}}],"line":110},"20":{"loc":{"start":{"line":114,"column":2},"end":{"line":116,"column":3}},"type":"if","locations":[{"start":{"line":114,"column":2},"end":{"line":116,"column":3}},{"start":{},"end":{}}],"line":114},"21":{"loc":{"start":{"line":115,"column":20},"end":{"line":115,"column":46}},"type":"binary-expr","locations":[{"start":{"line":115,"column":20},"end":{"line":115,"column":31}},{"start":{"line":115,"column":35},"end":{"line":115,"column":46}}],"line":115},"22":{"loc":{"start":{"line":122,"column":12},"end":{"line":122,"column":62}},"type":"cond-expr","locations":[{"start":{"line":122,"column":38},"end":{"line":122,"column":50}},{"start":{"line":122,"column":53},"end":{"line":122,"column":62}}],"line":122},"23":{"loc":{"start":{"line":123,"column":11},"end":{"line":123,"column":73}},"type":"cond-expr","locations":[{"start":{"line":123,"column":52},"end":{"line":123,"column":61}},{"start":{"line":123,"column":64},"end":{"line":123,"column":73}}],"line":123},"24":{"loc":{"start":{"line":138,"column":42},"end":{"line":138,"column":53}},"type":"default-arg","locations":[{"start":{"line":138,"column":51},"end":{"line":138,"column":53}}],"line":138}},"s":{"0":0,"1":0,"2":0,"3":0,"4":0,"5":5,"6":0,"7":0,"8":0,"9":0,"10":0,"11":0,"12":0,"13":0,"14":0,"15":0,"16":0,"17":0,"18":0,"19":0,"20":0,"21":0,"22":0,"23":0,"24":0,"25":0,"26":0,"27":0,"28":0,"29":0,"30":0,"31":0,"32":0,"33":0,"34":0,"35":0,"36":0,"37":0,"38":0,"39":0,"40":0,"41":0,"42":0,"43":0,"44":0,"45":0,"46":0,"47":0,"48":5,"49":0,"50":0,"51":5,"52":0,"53":5},"f":{"0":0,"1":0,"2":0,"3":0},"b":{"0":[0],"1":[0,0],"2":[0,0],"3":[0,0],"4":[0,0],"5":[0,0],"6":[0,0,0],"7":[0,0],"8":[0,0],"9":[0,0],"10":[0,0],"11":[0,0],"12":[0,0],"13":[0,0,0],"14":[0,0],"15":[0,0],"16":[0,0],"17":[0,0],"18":[0,0],"19":[0,0],"20":[0,0],"21":[0,0],"22":[0,0],"23":[0,0],"24":[0]},"inputSourceMap":null,"_coverageSchema":"1a1c01bbd47fc00a2c39e90264f33305004495a9","hash":"c0a5da919537ef6d23859e6f247606e4819b9945"}
}
