TN:
SF:src\index.js
FN:44,(anonymous_0)
FN:55,(anonymous_1)
FNF:2
FNH:1
FNDA:0,(anonymous_0)
FNDA:5,(anonymous_1)
DA:1,5
DA:2,5
DA:3,5
DA:4,5
DA:5,5
DA:6,5
DA:7,5
DA:8,5
DA:9,5
DA:10,5
DA:11,5
DA:12,5
DA:13,5
DA:14,5
DA:15,5
DA:18,5
DA:20,5
DA:21,5
DA:24,5
DA:25,5
DA:26,5
DA:29,5
DA:32,5
DA:33,5
DA:34,5
DA:35,5
DA:36,5
DA:37,5
DA:38,5
DA:39,5
DA:40,5
DA:41,5
DA:44,5
DA:45,0
DA:49,5
DA:52,5
DA:55,5
DA:56,5
DA:60,5
LF:39
LH:38
BRDA:21,0,0,5
BRDA:21,0,1,5
BRF:2
BRH:2
end_of_record
TN:
SF:src\middleware\auth.middleware.js
FN:3,(anonymous_0)
FN:19,(anonymous_1)
FN:27,(anonymous_2)
FN:35,(anonymous_3)
FN:43,(anonymous_4)
FNF:5
FNH:4
FNDA:23,(anonymous_0)
FNDA:0,(anonymous_1)
FNDA:8,(anonymous_2)
FNDA:2,(anonymous_3)
FNDA:3,(anonymous_4)
DA:1,5
DA:3,5
DA:4,23
DA:6,23
DA:7,5
DA:10,18
DA:11,18
DA:12,17
DA:13,17
DA:15,1
DA:19,5
DA:20,0
DA:21,0
DA:23,0
DA:27,5
DA:28,8
DA:29,3
DA:31,5
DA:35,5
DA:36,2
DA:37,1
DA:39,1
DA:43,5
DA:44,3
DA:45,1
DA:47,2
DA:51,5
LF:27
LH:24
BRDA:6,0,0,5
BRDA:6,0,1,18
BRDA:11,1,0,18
BRDA:11,1,1,18
BRDA:20,2,0,0
BRDA:20,2,1,0
BRDA:20,3,0,0
BRDA:20,3,1,0
BRDA:28,4,0,3
BRDA:28,4,1,5
BRDA:28,5,0,8
BRDA:28,5,1,8
BRDA:28,5,2,7
BRDA:36,6,0,1
BRDA:36,6,1,1
BRDA:36,7,0,2
BRDA:36,7,1,2
BRDA:44,8,0,1
BRDA:44,8,1,2
BRDA:44,9,0,3
BRDA:44,9,1,3
BRF:21
BRH:17
end_of_record
TN:
SF:src\middleware\upload.middleware.js
FN:13,(anonymous_0)
FN:16,(anonymous_1)
FN:24,(anonymous_2)
FNF:3
FNH:0
FNDA:0,(anonymous_0)
FNDA:0,(anonymous_1)
FNDA:0,(anonymous_2)
DA:1,5
DA:2,5
DA:3,5
DA:6,5
DA:7,5
DA:8,0
DA:12,5
DA:14,0
DA:17,0
DA:18,0
DA:19,0
DA:24,5
DA:25,0
DA:26,0
DA:27,0
DA:29,0
DA:30,0
DA:32,0
DA:37,5
DA:43,5
LF:20
LH:9
BRDA:7,0,0,0
BRDA:7,0,1,5
BRDA:29,1,0,0
BRDA:29,1,1,0
BRDA:29,2,0,0
BRDA:29,2,1,0
BRF:6
BRH:1
end_of_record
TN:
SF:src\middleware\validation.middleware.js
FN:4,(anonymous_0)
FN:10,(anonymous_1)
FNF:2
FNH:0
FNDA:0,(anonymous_0)
FNDA:0,(anonymous_1)
DA:1,0
DA:4,0
DA:5,0
DA:6,0
DA:7,0
DA:10,0
DA:16,0
DA:20,0
DA:31,0
DA:54,0
DA:80,0
DA:105,0
DA:127,0
DA:145,0
DA:152,0
DA:159,0
DA:178,0
DA:205,0
DA:220,0
DA:230,0
DA:243,0
DA:250,0
DA:257,0
LF:23
LH:0
BRDA:6,0,0,0
BRDA:6,0,1,0
BRF:2
BRH:0
end_of_record
TN:
SF:src\routes\auth.routes.js
FN:9,(anonymous_0)
FN:96,(anonymous_1)
FN:113,(anonymous_2)
FN:176,(anonymous_3)
FNF:4
FNH:3
FNDA:4,(anonymous_0)
FNDA:3,(anonymous_1)
FNDA:0,(anonymous_2)
FNDA:1,(anonymous_3)
DA:1,5
DA:2,5
DA:3,5
DA:4,5
DA:5,5
DA:6,5
DA:9,5
DA:10,4
DA:12,4
DA:14,4
DA:19,4
DA:20,3
DA:23,1
DA:26,1
DA:28,1
DA:29,1
DA:33,0
DA:34,0
DA:38,0
DA:40,0
DA:41,0
DA:45,0
DA:46,0
DA:48,0
DA:49,0
DA:53,0
DA:54,0
DA:59,0
DA:65,0
DA:77,0
DA:90,0
DA:91,0
DA:96,5
DA:97,3
DA:99,3
DA:101,3
DA:106,3
DA:107,3
DA:111,0
DA:113,0
DA:119,0
DA:120,0
DA:123,0
DA:126,0
DA:131,0
DA:134,0
DA:140,0
DA:143,0
DA:155,0
DA:169,0
DA:170,0
DA:171,0
DA:176,5
DA:177,1
DA:179,1
DA:184,1
DA:185,0
DA:188,1
DA:191,1
DA:192,0
DA:196,1
DA:198,1
DA:199,0
DA:203,0
DA:204,0
DA:206,1
DA:207,0
DA:211,0
DA:212,0
DA:216,1
DA:223,0
DA:224,0
DA:228,5
LF:73
LH:33
BRDA:19,0,0,3
BRDA:19,0,1,1
BRDA:28,1,0,1
BRDA:28,1,1,0
BRDA:33,2,0,0
BRDA:33,2,1,0
BRDA:40,3,0,0
BRDA:40,3,1,0
BRDA:45,4,0,0
BRDA:45,4,1,0
BRDA:48,5,0,0
BRDA:48,5,1,0
BRDA:53,6,0,0
BRDA:53,6,1,0
BRDA:73,7,0,0
BRDA:73,7,1,0
BRDA:74,8,0,0
BRDA:74,8,1,0
BRDA:106,9,0,3
BRDA:106,9,1,0
BRDA:151,10,0,0
BRDA:151,10,1,0
BRDA:152,11,0,0
BRDA:152,11,1,0
BRDA:184,12,0,0
BRDA:184,12,1,1
BRDA:191,13,0,0
BRDA:191,13,1,1
BRDA:198,14,0,0
BRDA:198,14,1,1
BRDA:203,15,0,0
BRDA:203,15,1,0
BRDA:206,16,0,0
BRDA:206,16,1,1
BRDA:211,17,0,0
BRDA:211,17,1,0
BRF:36
BRH:8
end_of_record
TN:
SF:src\routes\booking.routes.js
FN:7,(anonymous_0)
FN:63,(anonymous_1)
FN:136,(anonymous_2)
FN:163,(anonymous_3)
FN:211,(anonymous_4)
FN:314,(anonymous_5)
FN:355,(anonymous_6)
FN:423,(anonymous_7)
FN:464,(anonymous_8)
FN:506,(anonymous_9)
FN:555,(anonymous_10)
FN:568,(anonymous_11)
FNF:12
FNH:2
FNDA:0,(anonymous_0)
FNDA:0,(anonymous_1)
FNDA:0,(anonymous_2)
FNDA:0,(anonymous_3)
FNDA:1,(anonymous_4)
FNDA:1,(anonymous_5)
FNDA:0,(anonymous_6)
FNDA:0,(anonymous_7)
FNDA:0,(anonymous_8)
FNDA:0,(anonymous_9)
FNDA:0,(anonymous_10)
FNDA:0,(anonymous_11)
DA:1,5
DA:2,5
DA:3,5
DA:4,5
DA:7,5
DA:8,0
DA:10,0
DA:11,0
DA:29,0
DA:30,0
DA:33,0
DA:34,0
DA:35,0
DA:38,0
DA:39,0
DA:40,0
DA:43,0
DA:44,0
DA:45,0
DA:48,0
DA:49,0
DA:52,0
DA:54,0
DA:55,0
DA:57,0
DA:58,0
DA:63,5
DA:64,0
DA:66,0
DA:67,0
DA:90,0
DA:91,0
DA:94,0
DA:97,0
DA:98,0
DA:99,0
DA:101,0
DA:102,0
DA:106,0
DA:107,0
DA:111,0
DA:114,0
DA:118,0
DA:122,0
DA:126,0
DA:128,0
DA:130,0
DA:131,0
DA:136,5
DA:137,0
DA:138,0
DA:155,0
DA:157,0
DA:158,0
DA:163,5
DA:164,0
DA:166,0
DA:167,0
DA:187,0
DA:190,0
DA:191,0
DA:192,0
DA:195,0
DA:196,0
DA:197,0
DA:200,0
DA:202,0
DA:203,0
DA:205,0
DA:206,0
DA:211,5
DA:218,1
DA:221,1
DA:222,1
DA:225,0
DA:227,0
DA:232,0
DA:233,0
DA:236,0
DA:237,0
DA:243,0
DA:244,0
DA:247,0
DA:252,0
DA:253,0
DA:255,0
DA:257,0
DA:259,0
DA:260,0
DA:264,0
DA:269,0
DA:270,0
DA:273,0
DA:277,0
DA:278,0
DA:281,0
DA:284,0
DA:293,0
DA:299,0
DA:301,0
DA:307,0
DA:308,0
DA:309,0
DA:314,5
DA:315,1
DA:316,1
DA:319,1
DA:320,1
DA:321,1
DA:324,0
DA:326,0
DA:331,0
DA:332,0
DA:336,0
DA:339,0
DA:344,0
DA:349,0
DA:350,0
DA:355,5
DA:356,0
DA:357,0
DA:359,0
DA:360,0
DA:363,0
DA:365,0
DA:370,0
DA:371,0
DA:375,0
DA:380,0
DA:381,0
DA:384,0
DA:386,0
DA:389,0
DA:402,0
DA:408,0
DA:409,0
DA:410,0
DA:411,0
DA:413,0
DA:417,0
DA:418,0
DA:423,5
DA:424,0
DA:425,0
DA:427,0
DA:429,0
DA:434,0
DA:435,0
DA:439,0
DA:440,0
DA:441,0
DA:443,0
DA:444,0
DA:448,0
DA:453,0
DA:458,0
DA:459,0
DA:464,5
DA:465,0
DA:466,0
DA:468,0
DA:469,0
DA:472,0
DA:474,0
DA:479,0
DA:480,0
DA:486,0
DA:487,0
DA:492,0
DA:498,0
DA:500,0
DA:501,0
DA:506,5
DA:507,0
DA:509,0
DA:511,0
DA:516,0
DA:517,0
DA:521,0
DA:522,0
DA:524,0
DA:525,0
DA:529,0
DA:530,0
DA:536,0
DA:539,0
DA:544,0
DA:549,0
DA:550,0
DA:555,5
DA:556,0
DA:558,0
DA:559,0
DA:560,0
DA:562,0
DA:563,0
DA:568,5
DA:569,0
DA:571,0
DA:572,0
DA:575,0
DA:576,0
DA:581,0
DA:583,0
DA:584,0
DA:588,5
LF:206
LH:25
BRDA:33,0,0,0
BRDA:33,0,1,0
BRDA:38,1,0,0
BRDA:38,1,1,0
BRDA:43,2,0,0
BRDA:43,2,1,0
BRDA:48,3,0,0
BRDA:48,3,1,0
BRDA:90,4,0,0
BRDA:90,4,1,0
BRDA:97,5,0,0
BRDA:97,5,1,0
BRDA:98,6,0,0
BRDA:98,6,1,0
BRDA:99,7,0,0
BRDA:99,7,1,0
BRDA:101,8,0,0
BRDA:101,8,1,0
BRDA:101,9,0,0
BRDA:101,9,1,0
BRDA:101,9,2,0
BRDA:106,10,0,0
BRDA:106,10,1,0
BRDA:106,11,0,0
BRDA:106,11,1,0
BRDA:190,12,0,0
BRDA:190,12,1,0
BRDA:195,13,0,0
BRDA:195,13,1,0
BRDA:221,14,0,1
BRDA:221,14,1,0
BRDA:221,15,0,1
BRDA:221,15,1,0
BRDA:221,15,2,0
BRDA:221,15,3,0
BRDA:232,16,0,0
BRDA:232,16,1,0
BRDA:236,17,0,0
BRDA:236,17,1,0
BRDA:243,18,0,0
BRDA:243,18,1,0
BRDA:252,19,0,0
BRDA:252,19,1,0
BRDA:255,20,0,0
BRDA:255,20,1,0
BRDA:255,21,0,0
BRDA:255,21,1,0
BRDA:259,22,0,0
BRDA:259,22,1,0
BRDA:269,23,0,0
BRDA:269,23,1,0
BRDA:320,24,0,1
BRDA:320,24,1,0
BRDA:320,25,0,1
BRDA:320,25,1,1
BRDA:331,26,0,0
BRDA:331,26,1,0
BRDA:359,27,0,0
BRDA:359,27,1,0
BRDA:370,28,0,0
BRDA:370,28,1,0
BRDA:380,29,0,0
BRDA:380,29,1,0
BRDA:408,30,0,0
BRDA:408,30,1,0
BRDA:410,31,0,0
BRDA:410,31,1,0
BRDA:434,32,0,0
BRDA:434,32,1,0
BRDA:439,33,0,0
BRDA:439,33,1,0
BRDA:440,34,0,0
BRDA:440,34,1,0
BRDA:441,35,0,0
BRDA:441,35,1,0
BRDA:443,36,0,0
BRDA:443,36,1,0
BRDA:443,37,0,0
BRDA:443,37,1,0
BRDA:443,37,2,0
BRDA:468,38,0,0
BRDA:468,38,1,0
BRDA:479,39,0,0
BRDA:479,39,1,0
BRDA:486,40,0,0
BRDA:486,40,1,0
BRDA:516,41,0,0
BRDA:516,41,1,0
BRDA:521,42,0,0
BRDA:521,42,1,0
BRDA:522,43,0,0
BRDA:522,43,1,0
BRDA:524,44,0,0
BRDA:524,44,1,0
BRDA:524,45,0,0
BRDA:524,45,1,0
BRDA:529,46,0,0
BRDA:529,46,1,0
BRDA:529,47,0,0
BRDA:529,47,1,0
BRDA:571,48,0,0
BRDA:571,48,1,0
BRDA:571,49,0,0
BRDA:571,49,1,0
BRF:104
BRH:5
end_of_record
TN:
SF:src\routes\customer_messages.routes.js
FN:7,(anonymous_0)
FN:41,(anonymous_1)
FN:65,(anonymous_2)
FN:105,(anonymous_3)
FN:130,(anonymous_4)
FN:170,(anonymous_5)
FN:208,(anonymous_6)
FN:253,(anonymous_7)
FNF:8
FNH:3
FNDA:1,(anonymous_0)
FNDA:0,(anonymous_1)
FNDA:0,(anonymous_2)
FNDA:0,(anonymous_3)
FNDA:1,(anonymous_4)
FNDA:1,(anonymous_5)
FNDA:0,(anonymous_6)
FNDA:0,(anonymous_7)
DA:1,5
DA:2,5
DA:3,5
DA:4,5
DA:7,5
DA:8,1
DA:11,1
DA:12,1
DA:14,1
DA:15,1
DA:18,0
DA:19,0
DA:33,0
DA:35,0
DA:36,0
DA:41,5
DA:42,0
DA:43,0
DA:57,0
DA:59,0
DA:60,0
DA:65,5
DA:66,0
DA:68,0
DA:70,0
DA:75,0
DA:76,0
DA:80,0
DA:81,0
DA:83,0
DA:84,0
DA:87,0
DA:97,0
DA:99,0
DA:100,0
DA:105,5
DA:106,0
DA:107,0
DA:122,0
DA:124,0
DA:125,0
DA:130,5
DA:131,1
DA:133,1
DA:134,1
DA:137,0
DA:139,0
DA:140,0
DA:145,0
DA:146,0
DA:151,0
DA:159,0
DA:164,0
DA:165,0
DA:170,5
DA:171,1
DA:173,1
DA:174,1
DA:177,0
DA:179,0
DA:184,0
DA:185,0
DA:189,0
DA:197,0
DA:202,0
DA:203,0
DA:208,5
DA:209,0
DA:211,0
DA:213,0
DA:218,0
DA:219,0
DA:223,0
DA:224,0
DA:226,0
DA:227,0
DA:231,0
DA:233,0
DA:237,0
DA:242,0
DA:247,0
DA:248,0
DA:253,5
DA:254,0
DA:256,0
DA:258,0
DA:263,0
DA:264,0
DA:268,0
DA:270,0
DA:272,0
DA:273,0
DA:277,5
LF:93
LH:24
BRDA:11,0,0,1
BRDA:11,0,1,1
BRDA:12,1,0,1
BRDA:12,1,1,1
BRDA:14,2,0,1
BRDA:14,2,1,0
BRDA:14,3,0,1
BRDA:14,3,1,1
BRDA:75,4,0,0
BRDA:75,4,1,0
BRDA:80,5,0,0
BRDA:80,5,1,0
BRDA:81,6,0,0
BRDA:81,6,1,0
BRDA:83,7,0,0
BRDA:83,7,1,0
BRDA:83,8,0,0
BRDA:83,8,1,0
BRDA:133,9,0,1
BRDA:133,9,1,0
BRDA:139,10,0,0
BRDA:139,10,1,0
BRDA:145,11,0,0
BRDA:145,11,1,0
BRDA:173,12,0,1
BRDA:173,12,1,0
BRDA:173,13,0,1
BRDA:173,13,1,0
BRDA:184,14,0,0
BRDA:184,14,1,0
BRDA:218,15,0,0
BRDA:218,15,1,0
BRDA:223,16,0,0
BRDA:223,16,1,0
BRDA:224,17,0,0
BRDA:224,17,1,0
BRDA:226,18,0,0
BRDA:226,18,1,0
BRDA:226,19,0,0
BRDA:226,19,1,0
BRDA:231,20,0,0
BRDA:231,20,1,0
BRDA:231,21,0,0
BRDA:231,21,1,0
BRDA:231,21,2,0
BRDA:231,21,3,0
BRDA:263,22,0,0
BRDA:263,22,1,0
BRF:48
BRH:10
end_of_record
TN:
SF:src\routes\dashboard.routes.js
FN:7,(anonymous_0)
FN:27,(anonymous_1)
FN:52,(anonymous_2)
FN:81,(anonymous_3)
FN:96,(anonymous_4)
FN:108,(anonymous_5)
FN:135,(anonymous_6)
FN:147,(anonymous_7)
FN:174,(anonymous_8)
FN:186,(anonymous_9)
FN:221,(anonymous_10)
FN:245,(anonymous_11)
FN:268,(anonymous_12)
FN:284,(anonymous_13)
FNF:14
FNH:1
FNDA:0,(anonymous_0)
FNDA:0,(anonymous_1)
FNDA:0,(anonymous_2)
FNDA:0,(anonymous_3)
FNDA:0,(anonymous_4)
FNDA:0,(anonymous_5)
FNDA:0,(anonymous_6)
FNDA:0,(anonymous_7)
FNDA:0,(anonymous_8)
FNDA:1,(anonymous_9)
FNDA:0,(anonymous_10)
FNDA:0,(anonymous_11)
FNDA:0,(anonymous_12)
FNDA:0,(anonymous_13)
DA:1,5
DA:2,5
DA:3,5
DA:4,5
DA:7,5
DA:8,0
DA:10,0
DA:13,0
DA:15,0
DA:16,0
DA:19,0
DA:21,0
DA:22,0
DA:27,5
DA:28,0
DA:29,0
DA:44,0
DA:46,0
DA:47,0
DA:52,5
DA:53,0
DA:54,0
DA:73,0
DA:75,0
DA:76,0
DA:81,5
DA:82,0
DA:83,0
DA:88,0
DA:90,0
DA:91,0
DA:96,5
DA:97,0
DA:98,0
DA:100,0
DA:102,0
DA:103,0
DA:108,5
DA:109,0
DA:110,0
DA:127,0
DA:129,0
DA:130,0
DA:135,5
DA:136,0
DA:137,0
DA:139,0
DA:141,0
DA:142,0
DA:147,5
DA:148,0
DA:150,0
DA:151,0
DA:166,0
DA:168,0
DA:169,0
DA:174,5
DA:175,0
DA:176,0
DA:178,0
DA:180,0
DA:181,0
DA:186,5
DA:187,1
DA:190,1
DA:191,1
DA:192,1
DA:196,0
DA:199,0
DA:200,0
DA:202,0
DA:203,0
DA:204,0
DA:207,0
DA:208,0
DA:213,0
DA:215,0
DA:216,0
DA:221,5
DA:222,0
DA:224,0
DA:225,0
DA:237,0
DA:239,0
DA:240,0
DA:245,5
DA:246,0
DA:248,0
DA:249,0
DA:260,0
DA:262,0
DA:263,0
DA:268,5
DA:269,0
DA:270,0
DA:276,0
DA:278,0
DA:279,0
DA:284,5
DA:285,0
DA:286,0
DA:292,0
DA:294,0
DA:295,0
DA:299,5
LF:105
LH:23
BRDA:15,0,0,0
BRDA:15,0,1,0
BRDA:148,1,0,0
BRDA:187,2,0,0
BRDA:191,3,0,1
BRDA:191,3,1,0
BRDA:196,4,0,0
BRDA:196,4,1,0
BRDA:199,5,0,0
BRDA:199,5,1,0
BRDA:222,6,0,0
BRDA:246,7,0,0
BRF:12
BRH:1
end_of_record
TN:
SF:src\routes\gallery.routes.js
FN:8,(anonymous_0)
FN:24,(anonymous_1)
FN:41,(anonymous_2)
FN:61,(anonymous_3)
FN:85,(anonymous_4)
FN:126,(anonymous_5)
FN:211,(anonymous_6)
FN:247,(anonymous_7)
FNF:8
FNH:0
FNDA:0,(anonymous_0)
FNDA:0,(anonymous_1)
FNDA:0,(anonymous_2)
FNDA:0,(anonymous_3)
FNDA:0,(anonymous_4)
FNDA:0,(anonymous_5)
FNDA:0,(anonymous_6)
FNDA:0,(anonymous_7)
DA:1,5
DA:2,5
DA:3,5
DA:4,5
DA:5,5
DA:8,5
DA:9,0
DA:10,0
DA:16,0
DA:18,0
DA:19,0
DA:24,5
DA:25,0
DA:26,0
DA:33,0
DA:35,0
DA:36,0
DA:41,5
DA:42,0
DA:44,0
DA:45,0
DA:53,0
DA:55,0
DA:56,0
DA:61,5
DA:62,0
DA:64,0
DA:65,0
DA:73,0
DA:74,0
DA:77,0
DA:79,0
DA:80,0
DA:85,5
DA:86,0
DA:88,0
DA:89,0
DA:92,0
DA:94,0
DA:95,0
DA:100,0
DA:101,0
DA:105,0
DA:107,0
DA:115,0
DA:120,0
DA:121,0
DA:126,5
DA:127,0
DA:128,0
DA:130,0
DA:132,0
DA:137,0
DA:138,0
DA:142,0
DA:143,0
DA:148,0
DA:149,0
DA:154,0
DA:155,0
DA:156,0
DA:158,0
DA:159,0
DA:160,0
DA:161,0
DA:164,0
DA:165,0
DA:166,0
DA:167,0
DA:170,0
DA:171,0
DA:172,0
DA:173,0
DA:176,0
DA:177,0
DA:178,0
DA:179,0
DA:183,0
DA:184,0
DA:188,0
DA:191,0
DA:198,0
DA:200,0
DA:205,0
DA:206,0
DA:211,5
DA:212,0
DA:214,0
DA:215,0
DA:218,0
DA:220,0
DA:225,0
DA:226,0
DA:229,0
DA:231,0
DA:236,0
DA:241,0
DA:242,0
DA:247,5
DA:248,0
DA:250,0
DA:252,0
DA:257,0
DA:258,0
DA:262,0
DA:264,0
DA:266,0
DA:267,0
DA:271,5
LF:109
LH:14
BRDA:73,0,0,0
BRDA:73,0,1,0
BRDA:86,1,0,0
BRDA:88,2,0,0
BRDA:88,2,1,0
BRDA:88,3,0,0
BRDA:88,3,1,0
BRDA:94,4,0,0
BRDA:94,4,1,0
BRDA:100,5,0,0
BRDA:100,5,1,0
BRDA:137,6,0,0
BRDA:137,6,1,0
BRDA:142,7,0,0
BRDA:142,7,1,0
BRDA:148,8,0,0
BRDA:148,8,1,0
BRDA:158,9,0,0
BRDA:158,9,1,0
BRDA:164,10,0,0
BRDA:164,10,1,0
BRDA:170,11,0,0
BRDA:170,11,1,0
BRDA:176,12,0,0
BRDA:176,12,1,0
BRDA:183,13,0,0
BRDA:183,13,1,0
BRDA:214,14,0,0
BRDA:214,14,1,0
BRDA:225,15,0,0
BRDA:225,15,1,0
BRDA:257,16,0,0
BRDA:257,16,1,0
BRF:33
BRH:0
end_of_record
TN:
SF:src\routes\mechanic.routes.js
FN:7,(anonymous_0)
FN:24,(anonymous_1)
FN:77,(anonymous_2)
FN:94,(anonymous_3)
FN:158,(anonymous_4)
FN:192,(anonymous_5)
FN:237,(anonymous_6)
FN:275,(anonymous_7)
FN:317,(anonymous_8)
FN:355,(anonymous_9)
FN:428,(anonymous_10)
FNF:11
FNH:2
FNDA:0,(anonymous_0)
FNDA:0,(anonymous_1)
FNDA:0,(anonymous_2)
FNDA:0,(anonymous_3)
FNDA:0,(anonymous_4)
FNDA:0,(anonymous_5)
FNDA:1,(anonymous_6)
FNDA:0,(anonymous_7)
FNDA:1,(anonymous_8)
FNDA:0,(anonymous_9)
FNDA:0,(anonymous_10)
DA:1,5
DA:2,5
DA:3,5
DA:4,5
DA:7,5
DA:8,0
DA:9,0
DA:16,0
DA:18,0
DA:19,0
DA:24,5
DA:25,0
DA:27,0
DA:28,0
DA:36,0
DA:37,0
DA:41,0
DA:47,0
DA:53,0
DA:64,0
DA:71,0
DA:72,0
DA:77,5
DA:78,0
DA:80,0
DA:81,0
DA:86,0
DA:88,0
DA:89,0
DA:94,5
DA:95,0
DA:96,0
DA:98,0
DA:99,0
DA:102,0
DA:104,0
DA:109,0
DA:110,0
DA:114,0
DA:117,0
DA:120,0
DA:121,0
DA:123,0
DA:124,0
DA:125,0
DA:130,0
DA:137,0
DA:140,0
DA:145,0
DA:151,0
DA:152,0
DA:153,0
DA:158,5
DA:159,0
DA:161,0
DA:162,0
DA:184,0
DA:186,0
DA:187,0
DA:192,5
DA:193,0
DA:194,0
DA:197,0
DA:198,0
DA:199,0
DA:202,0
DA:204,0
DA:209,0
DA:210,0
DA:214,0
DA:220,0
DA:221,0
DA:222,0
DA:223,0
DA:226,0
DA:231,0
DA:232,0
DA:237,5
DA:238,1
DA:241,1
DA:242,1
DA:244,1
DA:245,1
DA:248,0
DA:249,0
DA:267,0
DA:269,0
DA:270,0
DA:275,5
DA:276,0
DA:278,0
DA:280,0
DA:285,0
DA:286,0
DA:290,0
DA:291,0
DA:293,0
DA:294,0
DA:297,0
DA:309,0
DA:311,0
DA:312,0
DA:317,5
DA:318,1
DA:320,1
DA:321,1
DA:324,0
DA:326,0
DA:331,0
DA:332,0
DA:336,0
DA:344,0
DA:349,0
DA:350,0
DA:355,5
DA:356,0
DA:357,0
DA:359,0
DA:361,0
DA:366,0
DA:367,0
DA:371,0
DA:372,0
DA:373,0
DA:375,0
DA:376,0
DA:377,0
DA:378,0
DA:381,0
DA:382,0
DA:383,0
DA:384,0
DA:387,0
DA:388,0
DA:389,0
DA:390,0
DA:393,0
DA:394,0
DA:395,0
DA:396,0
DA:400,0
DA:401,0
DA:405,0
DA:408,0
DA:415,0
DA:417,0
DA:422,0
DA:423,0
DA:428,5
DA:429,0
DA:430,0
DA:431,0
DA:433,0
DA:434,0
DA:438,5
LF:155
LH:24
BRDA:36,0,0,0
BRDA:36,0,1,0
BRDA:67,1,0,0
BRDA:67,1,1,0
BRDA:98,2,0,0
BRDA:98,2,1,0
BRDA:109,3,0,0
BRDA:109,3,1,0
BRDA:123,4,0,0
BRDA:123,4,1,0
BRDA:123,5,0,0
BRDA:123,5,1,0
BRDA:123,5,2,0
BRDA:198,6,0,0
BRDA:198,6,1,0
BRDA:198,7,0,0
BRDA:198,7,1,0
BRDA:209,8,0,0
BRDA:209,8,1,0
BRDA:220,9,0,0
BRDA:220,9,1,0
BRDA:222,10,0,0
BRDA:222,10,1,0
BRDA:241,11,0,1
BRDA:241,11,1,1
BRDA:242,12,0,1
BRDA:242,12,1,0
BRDA:244,13,0,1
BRDA:244,13,1,0
BRDA:244,14,0,1
BRDA:244,14,1,1
BRDA:285,15,0,0
BRDA:285,15,1,0
BRDA:290,16,0,0
BRDA:290,16,1,0
BRDA:291,17,0,0
BRDA:291,17,1,0
BRDA:293,18,0,0
BRDA:293,18,1,0
BRDA:293,19,0,0
BRDA:293,19,1,0
BRDA:318,20,0,1
BRDA:320,21,0,1
BRDA:320,21,1,0
BRDA:320,22,0,1
BRDA:320,22,1,1
BRDA:331,23,0,0
BRDA:331,23,1,0
BRDA:366,24,0,0
BRDA:366,24,1,0
BRDA:375,25,0,0
BRDA:375,25,1,0
BRDA:381,26,0,0
BRDA:381,26,1,0
BRDA:387,27,0,0
BRDA:387,27,1,0
BRDA:393,28,0,0
BRDA:393,28,1,0
BRDA:400,29,0,0
BRDA:400,29,1,0
BRF:60
BRH:10
end_of_record
TN:
SF:src\routes\service.routes.js
FN:8,(anonymous_0)
FN:21,(anonymous_1)
FN:34,(anonymous_2)
FN:50,(anonymous_3)
FN:87,(anonymous_4)
FN:123,(anonymous_5)
FN:222,(anonymous_6)
FN:259,(anonymous_7)
FN:296,(anonymous_8)
FN:303,(anonymous_9)
FNF:10
FNH:0
FNDA:0,(anonymous_0)
FNDA:0,(anonymous_1)
FNDA:0,(anonymous_2)
FNDA:0,(anonymous_3)
FNDA:0,(anonymous_4)
FNDA:0,(anonymous_5)
FNDA:0,(anonymous_6)
FNDA:0,(anonymous_7)
FNDA:0,(anonymous_8)
FNDA:0,(anonymous_9)
DA:1,5
DA:2,5
DA:3,5
DA:4,5
DA:5,5
DA:8,5
DA:9,0
DA:10,0
DA:13,0
DA:15,0
DA:16,0
DA:21,5
DA:22,0
DA:23,0
DA:26,0
DA:28,0
DA:29,0
DA:34,5
DA:35,0
DA:37,0
DA:38,0
DA:42,0
DA:44,0
DA:45,0
DA:50,5
DA:51,0
DA:53,0
DA:54,0
DA:59,0
DA:60,0
DA:64,0
DA:70,0
DA:75,0
DA:81,0
DA:82,0
DA:87,5
DA:96,0
DA:99,0
DA:100,0
DA:103,0
DA:104,0
DA:112,0
DA:117,0
DA:118,0
DA:123,5
DA:124,0
DA:133,0
DA:135,0
DA:137,0
DA:142,0
DA:143,0
DA:147,0
DA:148,0
DA:149,0
DA:151,0
DA:152,0
DA:153,0
DA:154,0
DA:157,0
DA:158,0
DA:159,0
DA:160,0
DA:163,0
DA:164,0
DA:165,0
DA:166,0
DA:169,0
DA:170,0
DA:171,0
DA:172,0
DA:175,0
DA:176,0
DA:177,0
DA:178,0
DA:181,0
DA:182,0
DA:183,0
DA:184,0
DA:187,0
DA:188,0
DA:189,0
DA:190,0
DA:194,0
DA:195,0
DA:199,0
DA:202,0
DA:209,0
DA:211,0
DA:216,0
DA:217,0
DA:222,5
DA:223,0
DA:225,0
DA:227,0
DA:232,0
DA:233,0
DA:236,0
DA:237,0
DA:241,0
DA:243,0
DA:248,0
DA:253,0
DA:254,0
DA:259,5
DA:260,0
DA:262,0
DA:264,0
DA:269,0
DA:270,0
DA:274,0
DA:279,0
DA:280,0
DA:286,0
DA:288,0
DA:290,0
DA:291,0
DA:296,5
DA:297,0
DA:298,0
DA:303,0
DA:305,0
DA:307,0
DA:308,0
DA:312,5
LF:124
LH:15
BRDA:59,0,0,0
BRDA:59,0,1,0
BRDA:94,1,0,0
BRDA:95,2,0,0
BRDA:99,3,0,0
BRDA:99,3,1,0
BRDA:99,4,0,0
BRDA:99,4,1,0
BRDA:99,4,2,0
BRDA:99,4,3,0
BRDA:142,5,0,0
BRDA:142,5,1,0
BRDA:151,6,0,0
BRDA:151,6,1,0
BRDA:157,7,0,0
BRDA:157,7,1,0
BRDA:163,8,0,0
BRDA:163,8,1,0
BRDA:169,9,0,0
BRDA:169,9,1,0
BRDA:175,10,0,0
BRDA:175,10,1,0
BRDA:181,11,0,0
BRDA:181,11,1,0
BRDA:187,12,0,0
BRDA:187,12,1,0
BRDA:194,13,0,0
BRDA:194,13,1,0
BRDA:232,14,0,0
BRDA:232,14,1,0
BRDA:236,15,0,0
BRDA:236,15,1,0
BRDA:269,16,0,0
BRDA:269,16,1,0
BRDA:279,17,0,0
BRDA:279,17,1,0
BRF:36
BRH:0
end_of_record
TN:
SF:src\routes\testimonial.routes.js
FN:7,(anonymous_0)
FN:32,(anonymous_1)
FN:57,(anonymous_2)
FN:81,(anonymous_3)
FN:106,(anonymous_4)
FN:134,(anonymous_5)
FN:162,(anonymous_6)
FN:184,(anonymous_7)
FN:232,(anonymous_8)
FN:300,(anonymous_9)
FN:336,(anonymous_10)
FN:377,(anonymous_11)
FNF:12
FNH:0
FNDA:0,(anonymous_0)
FNDA:0,(anonymous_1)
FNDA:0,(anonymous_2)
FNDA:0,(anonymous_3)
FNDA:0,(anonymous_4)
FNDA:0,(anonymous_5)
FNDA:0,(anonymous_6)
FNDA:0,(anonymous_7)
FNDA:0,(anonymous_8)
FNDA:0,(anonymous_9)
FNDA:0,(anonymous_10)
FNDA:0,(anonymous_11)
DA:1,5
DA:2,5
DA:3,5
DA:4,5
DA:7,5
DA:8,0
DA:9,0
DA:24,0
DA:26,0
DA:27,0
DA:32,5
DA:33,0
DA:34,0
DA:49,0
DA:51,0
DA:52,0
DA:57,5
DA:58,0
DA:59,0
DA:73,0
DA:75,0
DA:76,0
DA:81,5
DA:82,0
DA:83,0
DA:98,0
DA:100,0
DA:101,0
DA:106,5
DA:107,0
DA:109,0
DA:110,0
DA:126,0
DA:128,0
DA:129,0
DA:134,5
DA:135,0
DA:137,0
DA:138,0
DA:154,0
DA:156,0
DA:157,0
DA:162,5
DA:163,0
DA:164,0
DA:176,0
DA:178,0
DA:179,0
DA:184,5
DA:185,0
DA:187,0
DA:188,0
DA:204,0
DA:205,0
DA:208,0
DA:211,0
DA:212,0
DA:213,0
DA:216,0
DA:217,0
DA:219,0
DA:220,0
DA:224,0
DA:226,0
DA:227,0
DA:232,5
DA:233,0
DA:236,0
DA:237,0
DA:241,0
DA:242,0
DA:245,0
DA:247,0
DA:252,0
DA:253,0
DA:257,0
DA:258,0
DA:263,0
DA:264,0
DA:269,0
DA:274,0
DA:275,0
DA:281,0
DA:289,0
DA:294,0
DA:295,0
DA:300,5
DA:301,0
DA:302,0
DA:304,0
DA:305,0
DA:308,0
DA:310,0
DA:315,0
DA:316,0
DA:320,0
DA:325,0
DA:330,0
DA:331,0
DA:336,5
DA:337,0
DA:338,0
DA:340,0
DA:341,0
DA:344,0
DA:346,0
DA:351,0
DA:352,0
DA:356,0
DA:357,0
DA:361,0
DA:366,0
DA:371,0
DA:372,0
DA:377,5
DA:378,0
DA:380,0
DA:382,0
DA:387,0
DA:388,0
DA:392,0
DA:393,0
DA:395,0
DA:396,0
DA:400,0
DA:402,0
DA:404,0
DA:405,0
DA:409,5
LF:129
LH:17
BRDA:204,0,0,0
BRDA:204,0,1,0
BRDA:211,1,0,0
BRDA:211,1,1,0
BRDA:212,2,0,0
BRDA:212,2,1,0
BRDA:216,3,0,0
BRDA:216,3,1,0
BRDA:217,4,0,0
BRDA:217,4,1,0
BRDA:219,5,0,0
BRDA:219,5,1,0
BRDA:219,6,0,0
BRDA:219,6,1,0
BRDA:236,7,0,0
BRDA:236,7,1,0
BRDA:236,8,0,0
BRDA:236,8,1,0
BRDA:236,8,2,0
BRDA:241,9,0,0
BRDA:241,9,1,0
BRDA:241,10,0,0
BRDA:241,10,1,0
BRDA:252,11,0,0
BRDA:252,11,1,0
BRDA:257,12,0,0
BRDA:257,12,1,0
BRDA:263,13,0,0
BRDA:263,13,1,0
BRDA:274,14,0,0
BRDA:274,14,1,0
BRDA:304,15,0,0
BRDA:304,15,1,0
BRDA:315,16,0,0
BRDA:315,16,1,0
BRDA:326,17,0,0
BRDA:326,17,1,0
BRDA:340,18,0,0
BRDA:340,18,1,0
BRDA:351,19,0,0
BRDA:351,19,1,0
BRDA:356,20,0,0
BRDA:356,20,1,0
BRDA:356,21,0,0
BRDA:356,21,1,0
BRDA:367,22,0,0
BRDA:367,22,1,0
BRDA:387,23,0,0
BRDA:387,23,1,0
BRDA:392,24,0,0
BRDA:392,24,1,0
BRDA:393,25,0,0
BRDA:393,25,1,0
BRDA:395,26,0,0
BRDA:395,26,1,0
BRDA:395,27,0,0
BRDA:395,27,1,0
BRF:57
BRH:0
end_of_record
TN:
SF:src\routes\user.routes.js
FN:9,(anonymous_0)
FN:22,(anonymous_1)
FN:44,(anonymous_2)
FN:96,(anonymous_3)
FN:124,(anonymous_4)
FN:189,(anonymous_5)
FN:228,(anonymous_6)
FN:427,(anonymous_7)
FN:469,(anonymous_8)
FNF:9
FNH:0
FNDA:0,(anonymous_0)
FNDA:0,(anonymous_1)
FNDA:0,(anonymous_2)
FNDA:0,(anonymous_3)
FNDA:0,(anonymous_4)
FNDA:0,(anonymous_5)
FNDA:0,(anonymous_6)
FNDA:0,(anonymous_7)
FNDA:0,(anonymous_8)
DA:1,5
DA:2,5
DA:3,5
DA:4,5
DA:5,5
DA:6,5
DA:9,5
DA:10,0
DA:11,0
DA:14,0
DA:16,0
DA:17,0
DA:22,5
DA:23,0
DA:26,0
DA:27,0
DA:28,0
DA:31,0
DA:32,0
DA:36,0
DA:38,0
DA:39,0
DA:44,5
DA:45,0
DA:48,0
DA:49,0
DA:52,0
DA:53,0
DA:58,0
DA:59,0
DA:62,0
DA:65,0
DA:67,0
DA:68,0
DA:72,0
DA:73,0
DA:75,0
DA:76,0
DA:80,0
DA:81,0
DA:85,0
DA:90,0
DA:91,0
DA:96,5
DA:97,0
DA:100,0
DA:101,0
DA:105,0
DA:106,0
DA:107,0
DA:110,0
DA:112,0
DA:117,0
DA:118,0
DA:122,0
DA:124,0
DA:130,0
DA:131,0
DA:134,0
DA:137,0
DA:142,0
DA:145,0
DA:146,0
DA:148,0
DA:149,0
DA:150,0
DA:153,0
DA:157,0
DA:158,0
DA:160,0
DA:167,0
DA:169,0
DA:182,0
DA:183,0
DA:184,0
DA:189,5
DA:190,0
DA:191,0
DA:194,0
DA:195,0
DA:197,0
DA:198,0
DA:201,0
DA:203,0
DA:208,0
DA:209,0
DA:213,0
DA:216,0
DA:217,0
DA:218,0
DA:220,0
DA:221,0
DA:222,0
DA:223,0
DA:226,0
DA:228,0
DA:233,0
DA:234,0
DA:235,0
DA:238,0
DA:240,0
DA:245,0
DA:246,0
DA:247,0
DA:250,0
DA:251,0
DA:252,0
DA:256,0
DA:257,0
DA:258,0
DA:259,0
DA:260,0
DA:263,0
DA:264,0
DA:265,0
DA:266,0
DA:271,0
DA:272,0
DA:273,0
DA:275,0
DA:276,0
DA:277,0
DA:281,0
DA:282,0
DA:283,0
DA:287,0
DA:290,0
DA:297,0
DA:300,0
DA:301,0
DA:303,0
DA:304,0
DA:307,0
DA:312,0
DA:314,0
DA:315,0
DA:316,0
DA:317,0
DA:319,0
DA:320,0
DA:321,0
DA:322,0
DA:325,0
DA:326,0
DA:327,0
DA:328,0
DA:331,0
DA:332,0
DA:333,0
DA:334,0
DA:337,0
DA:338,0
DA:340,0
DA:348,0
DA:350,0
DA:351,0
DA:352,0
DA:355,0
DA:362,0
DA:363,0
DA:366,0
DA:371,0
DA:373,0
DA:374,0
DA:375,0
DA:376,0
DA:378,0
DA:379,0
DA:380,0
DA:381,0
DA:384,0
DA:385,0
DA:386,0
DA:387,0
DA:390,0
DA:391,0
DA:393,0
DA:401,0
DA:403,0
DA:412,0
DA:414,0
DA:420,0
DA:421,0
DA:422,0
DA:427,5
DA:428,0
DA:431,0
DA:432,0
DA:435,0
DA:437,0
DA:442,0
DA:443,0
DA:446,0
DA:447,0
DA:451,0
DA:453,0
DA:458,0
DA:463,0
DA:464,0
DA:469,5
DA:470,0
DA:472,0
DA:474,0
DA:479,0
DA:480,0
DA:484,0
DA:485,0
DA:489,0
DA:491,0
DA:493,0
DA:494,0
DA:498,5
LF:212
LH:14
BRDA:27,0,0,0
BRDA:27,0,1,0
BRDA:48,1,0,0
BRDA:48,1,1,0
BRDA:48,2,0,0
BRDA:48,2,1,0
BRDA:48,2,2,0
BRDA:58,3,0,0
BRDA:58,3,1,0
BRDA:67,4,0,0
BRDA:67,4,1,0
BRDA:72,5,0,0
BRDA:72,5,1,0
BRDA:75,6,0,0
BRDA:75,6,1,0
BRDA:80,7,0,0
BRDA:80,7,1,0
BRDA:97,8,0,0
BRDA:100,9,0,0
BRDA:100,9,1,0
BRDA:100,10,0,0
BRDA:100,10,1,0
BRDA:100,10,2,0
BRDA:100,10,3,0
BRDA:106,11,0,0
BRDA:106,11,1,0
BRDA:117,12,0,0
BRDA:117,12,1,0
BRDA:145,13,0,0
BRDA:145,13,1,0
BRDA:148,14,0,0
BRDA:148,14,1,0
BRDA:148,15,0,0
BRDA:148,15,1,0
BRDA:157,16,0,0
BRDA:157,16,1,0
BRDA:197,17,0,0
BRDA:197,17,1,0
BRDA:197,18,0,0
BRDA:197,18,1,0
BRDA:208,19,0,0
BRDA:208,19,1,0
BRDA:220,20,0,0
BRDA:220,20,1,0
BRDA:238,21,0,0
BRDA:238,21,1,0
BRDA:245,22,0,0
BRDA:245,22,1,0
BRDA:256,23,0,0
BRDA:256,23,1,0
BRDA:257,24,0,0
BRDA:257,24,1,0
BRDA:263,25,0,0
BRDA:263,25,1,0
BRDA:271,26,0,0
BRDA:271,26,1,0
BRDA:281,27,0,0
BRDA:281,27,1,0
BRDA:300,28,0,0
BRDA:300,28,1,0
BRDA:303,29,0,0
BRDA:303,29,1,0
BRDA:303,30,0,0
BRDA:303,30,1,0
BRDA:312,31,0,0
BRDA:312,31,1,0
BRDA:314,32,0,0
BRDA:314,32,1,0
BRDA:314,33,0,0
BRDA:314,33,1,0
BRDA:314,33,2,0
BRDA:319,34,0,0
BRDA:319,34,1,0
BRDA:325,35,0,0
BRDA:325,35,1,0
BRDA:331,36,0,0
BRDA:331,36,1,0
BRDA:337,37,0,0
BRDA:337,37,1,0
BRDA:348,38,0,0
BRDA:348,38,1,0
BRDA:350,39,0,0
BRDA:350,39,1,0
BRDA:350,40,0,0
BRDA:350,40,1,0
BRDA:357,41,0,0
BRDA:357,41,1,0
BRDA:362,42,0,0
BRDA:362,42,1,0
BRDA:362,43,0,0
BRDA:362,43,1,0
BRDA:371,44,0,0
BRDA:371,44,1,0
BRDA:373,45,0,0
BRDA:373,45,1,0
BRDA:373,46,0,0
BRDA:373,46,1,0
BRDA:378,47,0,0
BRDA:378,47,1,0
BRDA:384,48,0,0
BRDA:384,48,1,0
BRDA:390,49,0,0
BRDA:390,49,1,0
BRDA:401,50,0,0
BRDA:401,50,1,0
BRDA:405,51,0,0
BRDA:405,51,1,0
BRDA:405,52,0,0
BRDA:405,52,1,0
BRDA:431,53,0,0
BRDA:431,53,1,0
BRDA:431,54,0,0
BRDA:431,54,1,0
BRDA:442,55,0,0
BRDA:442,55,1,0
BRDA:446,56,0,0
BRDA:446,56,1,0
BRDA:479,57,0,0
BRDA:479,57,1,0
BRDA:484,58,0,0
BRDA:484,58,1,0
BRF:121
BRH:0
end_of_record
TN:
SF:src\routes\vehicle.routes.js
FN:7,(anonymous_0)
FN:24,(anonymous_1)
FN:48,(anonymous_2)
FN:62,(anonymous_3)
FN:109,(anonymous_4)
FN:174,(anonymous_5)
FN:291,(anonymous_6)
FN:336,(anonymous_7)
FNF:8
FNH:0
FNDA:0,(anonymous_0)
FNDA:0,(anonymous_1)
FNDA:0,(anonymous_2)
FNDA:0,(anonymous_3)
FNDA:0,(anonymous_4)
FNDA:0,(anonymous_5)
FNDA:0,(anonymous_6)
FNDA:0,(anonymous_7)
DA:1,5
DA:2,5
DA:3,5
DA:4,5
DA:7,5
DA:8,0
DA:9,0
DA:16,0
DA:18,0
DA:19,0
DA:24,5
DA:25,0
DA:28,0
DA:29,0
DA:31,0
DA:32,0
DA:35,0
DA:36,0
DA:40,0
DA:42,0
DA:43,0
DA:48,5
DA:49,0
DA:50,0
DA:54,0
DA:56,0
DA:57,0
DA:62,5
DA:63,0
DA:65,0
DA:66,0
DA:75,0
DA:76,0
DA:79,0
DA:82,0
DA:83,0
DA:85,0
DA:86,0
DA:90,0
DA:99,0
DA:101,0
DA:103,0
DA:104,0
DA:109,5
DA:110,0
DA:113,0
DA:114,0
DA:117,0
DA:121,0
DA:122,0
DA:123,0
DA:124,0
DA:125,0
DA:127,0
DA:129,0
DA:133,0
DA:138,0
DA:139,0
DA:143,0
DA:144,0
DA:149,0
DA:150,0
DA:155,0
DA:163,0
DA:168,0
DA:169,0
DA:174,5
DA:175,0
DA:176,0
DA:178,0
DA:180,0
DA:185,0
DA:186,0
DA:190,0
DA:191,0
DA:193,0
DA:194,0
DA:198,0
DA:199,0
DA:200,0
DA:202,0
DA:203,0
DA:204,0
DA:205,0
DA:208,0
DA:209,0
DA:210,0
DA:211,0
DA:214,0
DA:215,0
DA:216,0
DA:217,0
DA:220,0
DA:222,0
DA:223,0
DA:228,0
DA:229,0
DA:233,0
DA:234,0
DA:235,0
DA:238,0
DA:240,0
DA:241,0
DA:246,0
DA:247,0
DA:251,0
DA:252,0
DA:253,0
DA:256,0
DA:257,0
DA:258,0
DA:259,0
DA:263,0
DA:264,0
DA:268,0
DA:271,0
DA:278,0
DA:280,0
DA:285,0
DA:286,0
DA:291,5
DA:292,0
DA:294,0
DA:296,0
DA:301,0
DA:302,0
DA:306,0
DA:307,0
DA:309,0
DA:310,0
DA:314,0
DA:319,0
DA:320,0
DA:326,0
DA:328,0
DA:330,0
DA:331,0
DA:336,5
DA:337,0
DA:339,0
DA:340,0
DA:350,0
DA:352,0
DA:353,0
DA:357,5
LF:145
LH:13
BRDA:28,0,0,0
BRDA:28,0,1,0
BRDA:29,1,0,0
BRDA:29,1,1,0
BRDA:31,2,0,0
BRDA:31,2,1,0
BRDA:31,3,0,0
BRDA:31,3,1,0
BRDA:75,4,0,0
BRDA:75,4,1,0
BRDA:82,5,0,0
BRDA:82,5,1,0
BRDA:83,6,0,0
BRDA:83,6,1,0
BRDA:85,7,0,0
BRDA:85,7,1,0
BRDA:85,8,0,0
BRDA:85,8,1,0
BRDA:113,9,0,0
BRDA:113,9,1,0
BRDA:113,10,0,0
BRDA:113,10,1,0
BRDA:113,10,2,0
BRDA:113,10,3,0
BRDA:121,11,0,0
BRDA:121,11,1,0
BRDA:123,12,0,0
BRDA:123,12,1,0
BRDA:123,13,0,0
BRDA:123,13,1,0
BRDA:124,14,0,0
BRDA:124,14,1,0
BRDA:138,15,0,0
BRDA:138,15,1,0
BRDA:143,16,0,0
BRDA:143,16,1,0
BRDA:149,17,0,0
BRDA:149,17,1,0
BRDA:185,18,0,0
BRDA:185,18,1,0
BRDA:190,19,0,0
BRDA:190,19,1,0
BRDA:191,20,0,0
BRDA:191,20,1,0
BRDA:193,21,0,0
BRDA:193,21,1,0
BRDA:193,22,0,0
BRDA:193,22,1,0
BRDA:202,23,0,0
BRDA:202,23,1,0
BRDA:208,24,0,0
BRDA:208,24,1,0
BRDA:214,25,0,0
BRDA:214,25,1,0
BRDA:220,26,0,0
BRDA:220,26,1,0
BRDA:222,27,0,0
BRDA:222,27,1,0
BRDA:228,28,0,0
BRDA:228,28,1,0
BRDA:238,29,0,0
BRDA:238,29,1,0
BRDA:240,30,0,0
BRDA:240,30,1,0
BRDA:246,31,0,0
BRDA:246,31,1,0
BRDA:256,32,0,0
BRDA:256,32,1,0
BRDA:263,33,0,0
BRDA:263,33,1,0
BRDA:301,34,0,0
BRDA:301,34,1,0
BRDA:306,35,0,0
BRDA:306,35,1,0
BRDA:307,36,0,0
BRDA:307,36,1,0
BRDA:309,37,0,0
BRDA:309,37,1,0
BRDA:309,38,0,0
BRDA:309,38,1,0
BRDA:319,39,0,0
BRDA:319,39,1,0
BRF:82
BRH:0
end_of_record
TN:
SF:src\utils\errorHandler.js
FN:5,(anonymous_0)
FN:17,(anonymous_1)
FN:130,(anonymous_2)
FN:138,(anonymous_3)
FNF:4
FNH:0
FNDA:0,(anonymous_0)
FNDA:0,(anonymous_1)
FNDA:0,(anonymous_2)
FNDA:0,(anonymous_3)
DA:6,0
DA:7,0
DA:8,0
DA:9,0
DA:10,0
DA:17,5
DA:19,0
DA:26,0
DA:40,0
DA:41,0
DA:44,0
DA:45,0
DA:46,0
DA:47,0
DA:49,0
DA:53,0
DA:54,0
DA:55,0
DA:56,0
DA:58,0
DA:62,0
DA:63,0
DA:64,0
DA:65,0
DA:67,0
DA:72,0
DA:73,0
DA:74,0
DA:77,0
DA:78,0
DA:79,0
DA:83,0
DA:84,0
DA:86,0
DA:88,0
DA:89,0
DA:91,0
DA:92,0
DA:94,0
DA:99,0
DA:100,0
DA:104,0
DA:105,0
DA:109,0
DA:110,0
DA:114,0
DA:115,0
DA:119,0
DA:130,5
DA:131,0
DA:132,0
DA:138,5
DA:139,0
DA:142,5
LF:54
LH:4
BRDA:5,0,0,0
BRDA:20,1,0,0
BRDA:20,1,1,0
BRDA:21,2,0,0
BRDA:21,2,1,0
BRDA:22,3,0,0
BRDA:22,3,1,0
BRDA:34,4,0,0
BRDA:34,4,1,0
BRDA:40,5,0,0
BRDA:40,5,1,0
BRDA:41,6,0,0
BRDA:41,6,1,0
BRDA:41,6,2,0
BRDA:46,7,0,0
BRDA:46,7,1,0
BRDA:55,8,0,0
BRDA:55,8,1,0
BRDA:64,9,0,0
BRDA:64,9,1,0
BRDA:72,10,0,0
BRDA:72,10,1,0
BRDA:77,11,0,0
BRDA:77,11,1,0
BRDA:83,12,0,0
BRDA:83,12,1,0
BRDA:86,13,0,0
BRDA:86,13,1,0
BRDA:86,13,2,0
BRDA:99,14,0,0
BRDA:99,14,1,0
BRDA:100,15,0,0
BRDA:100,15,1,0
BRDA:104,16,0,0
BRDA:104,16,1,0
BRDA:105,17,0,0
BRDA:105,17,1,0
BRDA:109,18,0,0
BRDA:109,18,1,0
BRDA:110,19,0,0
BRDA:110,19,1,0
BRDA:114,20,0,0
BRDA:114,20,1,0
BRDA:115,21,0,0
BRDA:115,21,1,0
BRDA:122,22,0,0
BRDA:122,22,1,0
BRDA:123,23,0,0
BRDA:123,23,1,0
BRDA:138,24,0,0
BRF:50
BRH:0
end_of_record
